2017-05-13 21:56:53,166 ERROR [errorlog] java.lang.ClassNotFoundException: com.eviware.soapui.plugins.auto.factories.AutoDiscoveryMethodFactory
java.lang.ClassNotFoundException: com.eviware.soapui.plugins.auto.factories.AutoDiscoveryMethodFactory
	at java.net.URLClassLoader.findClass(URLClassLoader.java:381)
	at java.lang.ClassLoader.loadClass(ClassLoader.java:424)
	at sun.misc.Launcher$AppClassLoader.loadClass(Launcher.java:331)
	at java.lang.ClassLoader.loadClass(ClassLoader.java:357)
	at java.lang.Class.forName0(Native Method)
	at java.lang.Class.forName(Class.java:264)
	at com.eviware.soapui.plugins.LoaderBase.loadAutoFactories(LoaderBase.java:96)
	at com.eviware.soapui.plugins.LoaderBase.loadFactories(LoaderBase.java:64)
	at com.eviware.soapui.plugins.PluginLoader.loadPluginFactories(PluginLoader.java:129)
	at com.eviware.soapui.plugins.PluginLoader.loadPlugin(PluginLoader.java:92)
	at com.eviware.soapui.plugins.PluginLoader.loadPlugin(PluginLoader.java:42)
	at com.eviware.soapui.plugins.PluginManager.doInstallPlugin(PluginManager.java:136)
	at com.eviware.soapui.plugins.PluginManager.access$600(PluginManager.java:38)
	at com.eviware.soapui.plugins.PluginManager$LoadPluginsTask.computeSequentially(PluginManager.java:415)
	at com.eviware.soapui.plugins.PluginManager$LoadPluginsTask.compute(PluginManager.java:372)
	at com.eviware.soapui.plugins.PluginManager$LoadPluginsTask.compute(PluginManager.java:377)
	at com.eviware.soapui.plugins.PluginManager$LoadPluginsTask.compute(PluginManager.java:360)
	at java.util.concurrent.RecursiveTask.exec(RecursiveTask.java:94)
	at java.util.concurrent.ForkJoinTask.doExec(ForkJoinTask.java:289)
	at java.util.concurrent.ForkJoinPool$WorkQueue.runTask(ForkJoinPool.java:1056)
	at java.util.concurrent.ForkJoinPool.runWorker(ForkJoinPool.java:1692)
	at java.util.concurrent.ForkJoinWorkerThread.run(ForkJoinWorkerThread.java:157)
2017-05-13 21:56:53,186 ERROR [errorlog] java.lang.ClassNotFoundException: com.eviware.soapui.plugins.auto.factories.AutoImportMethodFactory
java.lang.ClassNotFoundException: com.eviware.soapui.plugins.auto.factories.AutoImportMethodFactory
	at java.net.URLClassLoader.findClass(URLClassLoader.java:381)
	at java.lang.ClassLoader.loadClass(ClassLoader.java:424)
	at sun.misc.Launcher$AppClassLoader.loadClass(Launcher.java:331)
	at java.lang.ClassLoader.loadClass(ClassLoader.java:357)
	at java.lang.Class.forName0(Native Method)
	at java.lang.Class.forName(Class.java:264)
	at com.eviware.soapui.plugins.LoaderBase.loadAutoFactories(LoaderBase.java:96)
	at com.eviware.soapui.plugins.LoaderBase.loadFactories(LoaderBase.java:64)
	at com.eviware.soapui.plugins.PluginLoader.loadPluginFactories(PluginLoader.java:129)
	at com.eviware.soapui.plugins.PluginLoader.loadPlugin(PluginLoader.java:92)
	at com.eviware.soapui.plugins.PluginLoader.loadPlugin(PluginLoader.java:42)
	at com.eviware.soapui.plugins.PluginManager.doInstallPlugin(PluginManager.java:136)
	at com.eviware.soapui.plugins.PluginManager.access$600(PluginManager.java:38)
	at com.eviware.soapui.plugins.PluginManager$LoadPluginsTask.computeSequentially(PluginManager.java:415)
	at com.eviware.soapui.plugins.PluginManager$LoadPluginsTask.compute(PluginManager.java:372)
	at com.eviware.soapui.plugins.PluginManager$LoadPluginsTask.compute(PluginManager.java:377)
	at com.eviware.soapui.plugins.PluginManager$LoadPluginsTask.compute(PluginManager.java:360)
	at java.util.concurrent.RecursiveTask.exec(RecursiveTask.java:94)
	at java.util.concurrent.ForkJoinTask.doExec(ForkJoinTask.java:289)
	at java.util.concurrent.ForkJoinPool$WorkQueue.runTask(ForkJoinPool.java:1056)
	at java.util.concurrent.ForkJoinPool.runWorker(ForkJoinPool.java:1692)
	at java.util.concurrent.ForkJoinWorkerThread.run(ForkJoinWorkerThread.java:157)
2017-05-13 21:56:56,499 ERROR [errorlog] java.lang.ClassNotFoundException: com.eviware.soapui.plugins.auto.factories.AutoDiscoveryMethodFactory
java.lang.ClassNotFoundException: com.eviware.soapui.plugins.auto.factories.AutoDiscoveryMethodFactory
	at java.net.URLClassLoader.findClass(URLClassLoader.java:381)
	at java.lang.ClassLoader.loadClass(ClassLoader.java:424)
	at sun.misc.Launcher$AppClassLoader.loadClass(Launcher.java:331)
	at java.lang.ClassLoader.loadClass(ClassLoader.java:357)
	at java.lang.Class.forName0(Native Method)
	at java.lang.Class.forName(Class.java:264)
	at com.eviware.soapui.plugins.LoaderBase.loadAutoFactories(LoaderBase.java:96)
	at com.eviware.soapui.plugins.LoaderBase.loadFactories(LoaderBase.java:64)
	at com.eviware.soapui.plugins.PluginLoader.loadPluginFactories(PluginLoader.java:129)
	at com.eviware.soapui.plugins.PluginLoader.loadPlugin(PluginLoader.java:92)
	at com.eviware.soapui.plugins.PluginLoader.loadPlugin(PluginLoader.java:42)
	at com.eviware.soapui.plugins.PluginManager.doInstallPlugin(PluginManager.java:136)
	at com.eviware.soapui.plugins.PluginManager.access$600(PluginManager.java:38)
	at com.eviware.soapui.plugins.PluginManager$LoadPluginsTask.computeSequentially(PluginManager.java:415)
	at com.eviware.soapui.plugins.PluginManager$LoadPluginsTask.compute(PluginManager.java:372)
	at com.eviware.soapui.plugins.PluginManager$LoadPluginsTask.compute(PluginManager.java:377)
	at com.eviware.soapui.plugins.PluginManager$LoadPluginsTask.compute(PluginManager.java:360)
	at java.util.concurrent.RecursiveTask.exec(RecursiveTask.java:94)
	at java.util.concurrent.ForkJoinTask.doExec(ForkJoinTask.java:289)
	at java.util.concurrent.ForkJoinPool$WorkQueue.runTask(ForkJoinPool.java:1056)
	at java.util.concurrent.ForkJoinPool.runWorker(ForkJoinPool.java:1692)
	at java.util.concurrent.ForkJoinWorkerThread.run(ForkJoinWorkerThread.java:157)
2017-05-13 21:56:56,502 ERROR [errorlog] java.lang.ClassNotFoundException: com.eviware.soapui.plugins.auto.factories.AutoImportMethodFactory
java.lang.ClassNotFoundException: com.eviware.soapui.plugins.auto.factories.AutoImportMethodFactory
	at java.net.URLClassLoader.findClass(URLClassLoader.java:381)
	at java.lang.ClassLoader.loadClass(ClassLoader.java:424)
	at sun.misc.Launcher$AppClassLoader.loadClass(Launcher.java:331)
	at java.lang.ClassLoader.loadClass(ClassLoader.java:357)
	at java.lang.Class.forName0(Native Method)
	at java.lang.Class.forName(Class.java:264)
	at com.eviware.soapui.plugins.LoaderBase.loadAutoFactories(LoaderBase.java:96)
	at com.eviware.soapui.plugins.LoaderBase.loadFactories(LoaderBase.java:64)
	at com.eviware.soapui.plugins.PluginLoader.loadPluginFactories(PluginLoader.java:129)
	at com.eviware.soapui.plugins.PluginLoader.loadPlugin(PluginLoader.java:92)
	at com.eviware.soapui.plugins.PluginLoader.loadPlugin(PluginLoader.java:42)
	at com.eviware.soapui.plugins.PluginManager.doInstallPlugin(PluginManager.java:136)
	at com.eviware.soapui.plugins.PluginManager.access$600(PluginManager.java:38)
	at com.eviware.soapui.plugins.PluginManager$LoadPluginsTask.computeSequentially(PluginManager.java:415)
	at com.eviware.soapui.plugins.PluginManager$LoadPluginsTask.compute(PluginManager.java:372)
	at com.eviware.soapui.plugins.PluginManager$LoadPluginsTask.compute(PluginManager.java:377)
	at com.eviware.soapui.plugins.PluginManager$LoadPluginsTask.compute(PluginManager.java:360)
	at java.util.concurrent.RecursiveTask.exec(RecursiveTask.java:94)
	at java.util.concurrent.ForkJoinTask.doExec(ForkJoinTask.java:289)
	at java.util.concurrent.ForkJoinPool$WorkQueue.runTask(ForkJoinPool.java:1056)
	at java.util.concurrent.ForkJoinPool.runWorker(ForkJoinPool.java:1692)
	at java.util.concurrent.ForkJoinWorkerThread.run(ForkJoinWorkerThread.java:157)
2017-05-13 21:56:59,302 ERROR [errorlog] java.lang.ClassNotFoundException: com.eviware.soapui.plugins.auto.factories.AutoDiscoveryMethodFactory
java.lang.ClassNotFoundException: com.eviware.soapui.plugins.auto.factories.AutoDiscoveryMethodFactory
	at java.net.URLClassLoader.findClass(URLClassLoader.java:381)
	at java.lang.ClassLoader.loadClass(ClassLoader.java:424)
	at sun.misc.Launcher$AppClassLoader.loadClass(Launcher.java:331)
	at java.lang.ClassLoader.loadClass(ClassLoader.java:357)
	at java.lang.Class.forName0(Native Method)
	at java.lang.Class.forName(Class.java:264)
	at com.eviware.soapui.plugins.LoaderBase.loadAutoFactories(LoaderBase.java:96)
	at com.eviware.soapui.plugins.LoaderBase.loadFactories(LoaderBase.java:64)
	at com.eviware.soapui.plugins.PluginLoader.loadPluginFactories(PluginLoader.java:129)
	at com.eviware.soapui.plugins.PluginLoader.loadPlugin(PluginLoader.java:92)
	at com.eviware.soapui.plugins.PluginLoader.loadPlugin(PluginLoader.java:42)
	at com.eviware.soapui.plugins.PluginManager.doInstallPlugin(PluginManager.java:136)
	at com.eviware.soapui.plugins.PluginManager.access$600(PluginManager.java:38)
	at com.eviware.soapui.plugins.PluginManager$LoadPluginsTask.computeSequentially(PluginManager.java:415)
	at com.eviware.soapui.plugins.PluginManager$LoadPluginsTask.compute(PluginManager.java:372)
	at com.eviware.soapui.plugins.PluginManager$LoadPluginsTask.compute(PluginManager.java:377)
	at com.eviware.soapui.plugins.PluginManager$LoadPluginsTask.compute(PluginManager.java:360)
	at java.util.concurrent.RecursiveTask.exec(RecursiveTask.java:94)
	at java.util.concurrent.ForkJoinTask.doExec(ForkJoinTask.java:289)
	at java.util.concurrent.ForkJoinPool$WorkQueue.runTask(ForkJoinPool.java:1056)
	at java.util.concurrent.ForkJoinPool.runWorker(ForkJoinPool.java:1692)
	at java.util.concurrent.ForkJoinWorkerThread.run(ForkJoinWorkerThread.java:157)
2017-05-13 21:56:59,303 ERROR [errorlog] java.lang.ClassNotFoundException: com.eviware.soapui.plugins.auto.factories.AutoImportMethodFactory
java.lang.ClassNotFoundException: com.eviware.soapui.plugins.auto.factories.AutoImportMethodFactory
	at java.net.URLClassLoader.findClass(URLClassLoader.java:381)
	at java.lang.ClassLoader.loadClass(ClassLoader.java:424)
	at sun.misc.Launcher$AppClassLoader.loadClass(Launcher.java:331)
	at java.lang.ClassLoader.loadClass(ClassLoader.java:357)
	at java.lang.Class.forName0(Native Method)
	at java.lang.Class.forName(Class.java:264)
	at com.eviware.soapui.plugins.LoaderBase.loadAutoFactories(LoaderBase.java:96)
	at com.eviware.soapui.plugins.LoaderBase.loadFactories(LoaderBase.java:64)
	at com.eviware.soapui.plugins.PluginLoader.loadPluginFactories(PluginLoader.java:129)
	at com.eviware.soapui.plugins.PluginLoader.loadPlugin(PluginLoader.java:92)
	at com.eviware.soapui.plugins.PluginLoader.loadPlugin(PluginLoader.java:42)
	at com.eviware.soapui.plugins.PluginManager.doInstallPlugin(PluginManager.java:136)
	at com.eviware.soapui.plugins.PluginManager.access$600(PluginManager.java:38)
	at com.eviware.soapui.plugins.PluginManager$LoadPluginsTask.computeSequentially(PluginManager.java:415)
	at com.eviware.soapui.plugins.PluginManager$LoadPluginsTask.compute(PluginManager.java:372)
	at com.eviware.soapui.plugins.PluginManager$LoadPluginsTask.compute(PluginManager.java:377)
	at com.eviware.soapui.plugins.PluginManager$LoadPluginsTask.compute(PluginManager.java:360)
	at java.util.concurrent.RecursiveTask.exec(RecursiveTask.java:94)
	at java.util.concurrent.ForkJoinTask.doExec(ForkJoinTask.java:289)
	at java.util.concurrent.ForkJoinPool$WorkQueue.runTask(ForkJoinPool.java:1056)
	at java.util.concurrent.ForkJoinPool.runWorker(ForkJoinPool.java:1692)
	at java.util.concurrent.ForkJoinWorkerThread.run(ForkJoinWorkerThread.java:157)
2017-05-14 14:38:35,801 ERROR [WsdlSubmit] Exception in request: java.net.UnknownHostException: www.googleapis.com
2017-05-14 14:38:35,862 ERROR [errorlog] java.net.UnknownHostException: www.googleapis.com
java.net.UnknownHostException: www.googleapis.com
	at java.net.InetAddress.getAllByName0(InetAddress.java:1280)
	at java.net.InetAddress.getAllByName(InetAddress.java:1192)
	at java.net.InetAddress.getAllByName(InetAddress.java:1126)
	at org.apache.http.impl.conn.DefaultClientConnectionOperator.resolveHostname(DefaultClientConnectionOperator.java:242)
	at com.eviware.soapui.impl.wsdl.support.http.SoapUIMultiThreadedHttpConnectionManager$SoapUIClientConnectionOperator.openConnection(SoapUIMultiThreadedHttpConnectionManager.java:241)
	at org.apache.http.impl.conn.AbstractPoolEntry.open(AbstractPoolEntry.java:149)
	at org.apache.http.impl.conn.AbstractPooledConnAdapter.open(AbstractPooledConnAdapter.java:121)
	at org.apache.http.impl.client.DefaultRequestDirector.tryConnect(DefaultRequestDirector.java:561)
	at org.apache.http.impl.client.DefaultRequestDirector.execute(DefaultRequestDirector.java:415)
	at org.apache.http.impl.client.AbstractHttpClient.execute(AbstractHttpClient.java:820)
	at org.apache.http.impl.client.AbstractHttpClient.execute(AbstractHttpClient.java:754)
	at com.eviware.soapui.impl.wsdl.support.http.HttpClientSupport$Helper.execute(HttpClientSupport.java:233)
	at com.eviware.soapui.impl.wsdl.support.http.HttpClientSupport.execute(HttpClientSupport.java:323)
	at com.eviware.soapui.impl.wsdl.submit.transports.http.HttpClientRequestTransport.submitRequest(HttpClientRequestTransport.java:290)
	at com.eviware.soapui.impl.wsdl.submit.transports.http.HttpClientRequestTransport.sendRequest(HttpClientRequestTransport.java:220)
	at com.eviware.soapui.impl.wsdl.WsdlSubmit.run(WsdlSubmit.java:119)
	at com.eviware.soapui.impl.wsdl.WsdlSubmit.submitRequest(WsdlSubmit.java:80)
	at com.eviware.soapui.impl.rest.RestRequest.submit(RestRequest.java:192)
	at com.eviware.soapui.impl.wsdl.teststeps.RestTestRequestStep.run(RestTestRequestStep.java:793)
	at com.eviware.soapui.impl.wsdl.support.AbstractTestCaseRunner.runTestStep(AbstractTestCaseRunner.java:213)
	at com.eviware.soapui.impl.wsdl.testcase.WsdlTestCaseRunner.runCurrentTestStep(WsdlTestCaseRunner.java:47)
	at com.eviware.soapui.impl.wsdl.support.AbstractTestCaseRunner.internalRun(AbstractTestCaseRunner.java:139)
	at com.eviware.soapui.impl.wsdl.support.AbstractTestCaseRunner.internalRun(AbstractTestCaseRunner.java:47)
	at com.eviware.soapui.impl.wsdl.support.AbstractTestRunner.run(AbstractTestRunner.java:129)
	at com.eviware.soapui.impl.wsdl.support.AbstractTestRunner.start(AbstractTestRunner.java:77)
	at com.eviware.soapui.impl.wsdl.testcase.WsdlTestCase.run(WsdlTestCase.java:592)
	at com.eviware.soapui.tools.SoapUITestCaseRunner.runTestCase(SoapUITestCaseRunner.java:553)
	at com.eviware.soapui.tools.SoapUITestCaseRunner.runRunner(SoapUITestCaseRunner.java:385)
	at com.eviware.soapui.tools.AbstractSoapUIRunner.run(AbstractSoapUIRunner.java:188)
	at com.maxsoft.restapitestautomator.ExecuteSoapUIAnyTestCase.executeSpecificTestCase(ExecuteSoapUIAnyTestCase.java:29)
	at Test.testm(Test.java:14)
	at sun.reflect.NativeMethodAccessorImpl.invoke0(Native Method)
	at sun.reflect.NativeMethodAccessorImpl.invoke(NativeMethodAccessorImpl.java:62)
	at sun.reflect.DelegatingMethodAccessorImpl.invoke(DelegatingMethodAccessorImpl.java:43)
	at java.lang.reflect.Method.invoke(Method.java:498)
	at com.thoughtworks.gauge.execution.MethodExecutor.execute(MethodExecutor.java:38)
	at com.thoughtworks.gauge.execution.StepExecutionStage.executeStepMethod(StepExecutionStage.java:130)
	at com.thoughtworks.gauge.execution.StepExecutionStage.executeStep(StepExecutionStage.java:86)
	at com.thoughtworks.gauge.execution.StepExecutionStage.execute(StepExecutionStage.java:67)
	at com.thoughtworks.gauge.execution.AbstractExecutionStage.executeNext(AbstractExecutionStage.java:24)
	at com.thoughtworks.gauge.execution.HookExecutionStage.execute(HookExecutionStage.java:43)
	at com.thoughtworks.gauge.execution.ExecutionPipeline.start(ExecutionPipeline.java:29)
	at com.thoughtworks.gauge.processor.ExecuteStepProcessor.process(ExecuteStepProcessor.java:39)
	at com.thoughtworks.gauge.connection.MessageDispatcher.dispatchMessages(MessageDispatcher.java:89)
	at com.thoughtworks.gauge.GaugeRuntime.dispatchMessages(GaugeRuntime.java:104)
	at com.thoughtworks.gauge.GaugeRuntime.access$100(GaugeRuntime.java:36)
	at com.thoughtworks.gauge.GaugeRuntime$2.run(GaugeRuntime.java:85)
	at java.lang.Thread.run(Thread.java:745)
2017-05-14 14:38:35,946 ERROR [WsdlSubmit] Exception in request: java.net.UnknownHostException: www.googleapis.com
2017-05-14 14:38:35,947 ERROR [errorlog] java.net.UnknownHostException: www.googleapis.com
java.net.UnknownHostException: www.googleapis.com
	at java.net.InetAddress.getAllByName0(InetAddress.java:1280)
	at java.net.InetAddress.getAllByName(InetAddress.java:1192)
	at java.net.InetAddress.getAllByName(InetAddress.java:1126)
	at org.apache.http.impl.conn.DefaultClientConnectionOperator.resolveHostname(DefaultClientConnectionOperator.java:242)
	at com.eviware.soapui.impl.wsdl.support.http.SoapUIMultiThreadedHttpConnectionManager$SoapUIClientConnectionOperator.openConnection(SoapUIMultiThreadedHttpConnectionManager.java:241)
	at org.apache.http.impl.conn.AbstractPoolEntry.open(AbstractPoolEntry.java:149)
	at org.apache.http.impl.conn.AbstractPooledConnAdapter.open(AbstractPooledConnAdapter.java:121)
	at org.apache.http.impl.client.DefaultRequestDirector.tryConnect(DefaultRequestDirector.java:561)
	at org.apache.http.impl.client.DefaultRequestDirector.execute(DefaultRequestDirector.java:415)
	at org.apache.http.impl.client.AbstractHttpClient.execute(AbstractHttpClient.java:820)
	at org.apache.http.impl.client.AbstractHttpClient.execute(AbstractHttpClient.java:754)
	at com.eviware.soapui.impl.wsdl.support.http.HttpClientSupport$Helper.execute(HttpClientSupport.java:233)
	at com.eviware.soapui.impl.wsdl.support.http.HttpClientSupport.execute(HttpClientSupport.java:323)
	at com.eviware.soapui.impl.wsdl.submit.transports.http.HttpClientRequestTransport.submitRequest(HttpClientRequestTransport.java:290)
	at com.eviware.soapui.impl.wsdl.submit.transports.http.HttpClientRequestTransport.sendRequest(HttpClientRequestTransport.java:220)
	at com.eviware.soapui.impl.wsdl.WsdlSubmit.run(WsdlSubmit.java:119)
	at com.eviware.soapui.impl.wsdl.WsdlSubmit.submitRequest(WsdlSubmit.java:80)
	at com.eviware.soapui.impl.rest.RestRequest.submit(RestRequest.java:192)
	at com.eviware.soapui.impl.wsdl.teststeps.RestTestRequestStep.run(RestTestRequestStep.java:793)
	at com.eviware.soapui.impl.wsdl.support.AbstractTestCaseRunner.runTestStep(AbstractTestCaseRunner.java:213)
	at com.eviware.soapui.impl.wsdl.support.AbstractTestCaseRunner.runTestStep(AbstractTestCaseRunner.java:205)
	at com.maxsoft.restapitestautomator.TestStepsExecutionResults.getTestStepsExecutionResults(TestStepsExecutionResults.java:49)
	at com.maxsoft.restapitestautomator.ExecuteSoapUIAnyTestCase.executeSpecificTestCase(ExecuteSoapUIAnyTestCase.java:38)
	at Test.testm(Test.java:14)
	at sun.reflect.NativeMethodAccessorImpl.invoke0(Native Method)
	at sun.reflect.NativeMethodAccessorImpl.invoke(NativeMethodAccessorImpl.java:62)
	at sun.reflect.DelegatingMethodAccessorImpl.invoke(DelegatingMethodAccessorImpl.java:43)
	at java.lang.reflect.Method.invoke(Method.java:498)
	at com.thoughtworks.gauge.execution.MethodExecutor.execute(MethodExecutor.java:38)
	at com.thoughtworks.gauge.execution.StepExecutionStage.executeStepMethod(StepExecutionStage.java:130)
	at com.thoughtworks.gauge.execution.StepExecutionStage.executeStep(StepExecutionStage.java:86)
	at com.thoughtworks.gauge.execution.StepExecutionStage.execute(StepExecutionStage.java:67)
	at com.thoughtworks.gauge.execution.AbstractExecutionStage.executeNext(AbstractExecutionStage.java:24)
	at com.thoughtworks.gauge.execution.HookExecutionStage.execute(HookExecutionStage.java:43)
	at com.thoughtworks.gauge.execution.ExecutionPipeline.start(ExecutionPipeline.java:29)
	at com.thoughtworks.gauge.processor.ExecuteStepProcessor.process(ExecuteStepProcessor.java:39)
	at com.thoughtworks.gauge.connection.MessageDispatcher.dispatchMessages(MessageDispatcher.java:89)
	at com.thoughtworks.gauge.GaugeRuntime.dispatchMessages(GaugeRuntime.java:104)
	at com.thoughtworks.gauge.GaugeRuntime.access$100(GaugeRuntime.java:36)
	at com.thoughtworks.gauge.GaugeRuntime$2.run(GaugeRuntime.java:85)
	at java.lang.Thread.run(Thread.java:745)
2017-05-14 14:38:35,980 ERROR [WsdlSubmit] Exception in request: java.net.UnknownHostException: www.googleapis.com
2017-05-14 14:38:35,980 ERROR [errorlog] java.net.UnknownHostException: www.googleapis.com
java.net.UnknownHostException: www.googleapis.com
	at java.net.InetAddress.getAllByName0(InetAddress.java:1280)
	at java.net.InetAddress.getAllByName(InetAddress.java:1192)
	at java.net.InetAddress.getAllByName(InetAddress.java:1126)
	at org.apache.http.impl.conn.DefaultClientConnectionOperator.resolveHostname(DefaultClientConnectionOperator.java:242)
	at com.eviware.soapui.impl.wsdl.support.http.SoapUIMultiThreadedHttpConnectionManager$SoapUIClientConnectionOperator.openConnection(SoapUIMultiThreadedHttpConnectionManager.java:241)
	at org.apache.http.impl.conn.AbstractPoolEntry.open(AbstractPoolEntry.java:149)
	at org.apache.http.impl.conn.AbstractPooledConnAdapter.open(AbstractPooledConnAdapter.java:121)
	at org.apache.http.impl.client.DefaultRequestDirector.tryConnect(DefaultRequestDirector.java:561)
	at org.apache.http.impl.client.DefaultRequestDirector.execute(DefaultRequestDirector.java:415)
	at org.apache.http.impl.client.AbstractHttpClient.execute(AbstractHttpClient.java:820)
	at org.apache.http.impl.client.AbstractHttpClient.execute(AbstractHttpClient.java:754)
	at com.eviware.soapui.impl.wsdl.support.http.HttpClientSupport$Helper.execute(HttpClientSupport.java:233)
	at com.eviware.soapui.impl.wsdl.support.http.HttpClientSupport.execute(HttpClientSupport.java:323)
	at com.eviware.soapui.impl.wsdl.submit.transports.http.HttpClientRequestTransport.submitRequest(HttpClientRequestTransport.java:290)
	at com.eviware.soapui.impl.wsdl.submit.transports.http.HttpClientRequestTransport.sendRequest(HttpClientRequestTransport.java:220)
	at com.eviware.soapui.impl.wsdl.WsdlSubmit.run(WsdlSubmit.java:119)
	at com.eviware.soapui.impl.wsdl.WsdlSubmit.submitRequest(WsdlSubmit.java:80)
	at com.eviware.soapui.impl.rest.RestRequest.submit(RestRequest.java:192)
	at com.eviware.soapui.impl.wsdl.teststeps.RestTestRequestStep.run(RestTestRequestStep.java:793)
	at com.eviware.soapui.impl.wsdl.support.AbstractTestCaseRunner.runTestStep(AbstractTestCaseRunner.java:213)
	at com.eviware.soapui.impl.wsdl.testcase.WsdlTestCaseRunner.runCurrentTestStep(WsdlTestCaseRunner.java:47)
	at com.eviware.soapui.impl.wsdl.support.AbstractTestCaseRunner.internalRun(AbstractTestCaseRunner.java:139)
	at com.eviware.soapui.impl.wsdl.support.AbstractTestCaseRunner.internalRun(AbstractTestCaseRunner.java:47)
	at com.eviware.soapui.impl.wsdl.support.AbstractTestRunner.run(AbstractTestRunner.java:129)
	at com.eviware.soapui.impl.wsdl.support.AbstractTestRunner.start(AbstractTestRunner.java:77)
	at com.eviware.soapui.impl.wsdl.testcase.WsdlTestCase.run(WsdlTestCase.java:592)
	at com.eviware.soapui.tools.SoapUITestCaseRunner.runTestCase(SoapUITestCaseRunner.java:553)
	at com.eviware.soapui.tools.SoapUITestCaseRunner.runRunner(SoapUITestCaseRunner.java:385)
	at com.eviware.soapui.tools.AbstractSoapUIRunner.run(AbstractSoapUIRunner.java:188)
	at com.maxsoft.restapitestautomator.ExecuteSoapUIAnyTestCase.executeSpecificTestCase(ExecuteSoapUIAnyTestCase.java:29)
	at Test.testm(Test.java:14)
	at sun.reflect.NativeMethodAccessorImpl.invoke0(Native Method)
	at sun.reflect.NativeMethodAccessorImpl.invoke(NativeMethodAccessorImpl.java:62)
	at sun.reflect.DelegatingMethodAccessorImpl.invoke(DelegatingMethodAccessorImpl.java:43)
	at java.lang.reflect.Method.invoke(Method.java:498)
	at com.thoughtworks.gauge.execution.MethodExecutor.execute(MethodExecutor.java:38)
	at com.thoughtworks.gauge.execution.StepExecutionStage.executeStepMethod(StepExecutionStage.java:130)
	at com.thoughtworks.gauge.execution.StepExecutionStage.executeStep(StepExecutionStage.java:86)
	at com.thoughtworks.gauge.execution.StepExecutionStage.execute(StepExecutionStage.java:67)
	at com.thoughtworks.gauge.execution.AbstractExecutionStage.executeNext(AbstractExecutionStage.java:24)
	at com.thoughtworks.gauge.execution.HookExecutionStage.execute(HookExecutionStage.java:43)
	at com.thoughtworks.gauge.execution.ExecutionPipeline.start(ExecutionPipeline.java:29)
	at com.thoughtworks.gauge.processor.ExecuteStepProcessor.process(ExecuteStepProcessor.java:39)
	at com.thoughtworks.gauge.connection.MessageDispatcher.dispatchMessages(MessageDispatcher.java:89)
	at com.thoughtworks.gauge.GaugeRuntime.dispatchMessages(GaugeRuntime.java:104)
	at com.thoughtworks.gauge.GaugeRuntime.access$100(GaugeRuntime.java:36)
	at com.thoughtworks.gauge.GaugeRuntime$2.run(GaugeRuntime.java:85)
	at java.lang.Thread.run(Thread.java:745)
2017-05-14 14:38:36,061 ERROR [WsdlSubmit] Exception in request: java.net.UnknownHostException: www.googleapis.com
2017-05-14 14:38:36,062 ERROR [errorlog] java.net.UnknownHostException: www.googleapis.com
java.net.UnknownHostException: www.googleapis.com
	at java.net.InetAddress.getAllByName0(InetAddress.java:1280)
	at java.net.InetAddress.getAllByName(InetAddress.java:1192)
	at java.net.InetAddress.getAllByName(InetAddress.java:1126)
	at org.apache.http.impl.conn.DefaultClientConnectionOperator.resolveHostname(DefaultClientConnectionOperator.java:242)
	at com.eviware.soapui.impl.wsdl.support.http.SoapUIMultiThreadedHttpConnectionManager$SoapUIClientConnectionOperator.openConnection(SoapUIMultiThreadedHttpConnectionManager.java:241)
	at org.apache.http.impl.conn.AbstractPoolEntry.open(AbstractPoolEntry.java:149)
	at org.apache.http.impl.conn.AbstractPooledConnAdapter.open(AbstractPooledConnAdapter.java:121)
	at org.apache.http.impl.client.DefaultRequestDirector.tryConnect(DefaultRequestDirector.java:561)
	at org.apache.http.impl.client.DefaultRequestDirector.execute(DefaultRequestDirector.java:415)
	at org.apache.http.impl.client.AbstractHttpClient.execute(AbstractHttpClient.java:820)
	at org.apache.http.impl.client.AbstractHttpClient.execute(AbstractHttpClient.java:754)
	at com.eviware.soapui.impl.wsdl.support.http.HttpClientSupport$Helper.execute(HttpClientSupport.java:233)
	at com.eviware.soapui.impl.wsdl.support.http.HttpClientSupport.execute(HttpClientSupport.java:323)
	at com.eviware.soapui.impl.wsdl.submit.transports.http.HttpClientRequestTransport.submitRequest(HttpClientRequestTransport.java:290)
	at com.eviware.soapui.impl.wsdl.submit.transports.http.HttpClientRequestTransport.sendRequest(HttpClientRequestTransport.java:220)
	at com.eviware.soapui.impl.wsdl.WsdlSubmit.run(WsdlSubmit.java:119)
	at com.eviware.soapui.impl.wsdl.WsdlSubmit.submitRequest(WsdlSubmit.java:80)
	at com.eviware.soapui.impl.rest.RestRequest.submit(RestRequest.java:192)
	at com.eviware.soapui.impl.wsdl.teststeps.RestTestRequestStep.run(RestTestRequestStep.java:793)
	at com.eviware.soapui.impl.wsdl.support.AbstractTestCaseRunner.runTestStep(AbstractTestCaseRunner.java:213)
	at com.eviware.soapui.impl.wsdl.support.AbstractTestCaseRunner.runTestStep(AbstractTestCaseRunner.java:205)
	at com.maxsoft.restapitestautomator.TestStepsExecutionResults.getTestStepsExecutionResults(TestStepsExecutionResults.java:49)
	at com.maxsoft.restapitestautomator.ExecuteSoapUIAnyTestCase.executeSpecificTestCase(ExecuteSoapUIAnyTestCase.java:38)
	at Test.testm(Test.java:14)
	at sun.reflect.NativeMethodAccessorImpl.invoke0(Native Method)
	at sun.reflect.NativeMethodAccessorImpl.invoke(NativeMethodAccessorImpl.java:62)
	at sun.reflect.DelegatingMethodAccessorImpl.invoke(DelegatingMethodAccessorImpl.java:43)
	at java.lang.reflect.Method.invoke(Method.java:498)
	at com.thoughtworks.gauge.execution.MethodExecutor.execute(MethodExecutor.java:38)
	at com.thoughtworks.gauge.execution.StepExecutionStage.executeStepMethod(StepExecutionStage.java:130)
	at com.thoughtworks.gauge.execution.StepExecutionStage.executeStep(StepExecutionStage.java:86)
	at com.thoughtworks.gauge.execution.StepExecutionStage.execute(StepExecutionStage.java:67)
	at com.thoughtworks.gauge.execution.AbstractExecutionStage.executeNext(AbstractExecutionStage.java:24)
	at com.thoughtworks.gauge.execution.HookExecutionStage.execute(HookExecutionStage.java:43)
	at com.thoughtworks.gauge.execution.ExecutionPipeline.start(ExecutionPipeline.java:29)
	at com.thoughtworks.gauge.processor.ExecuteStepProcessor.process(ExecuteStepProcessor.java:39)
	at com.thoughtworks.gauge.connection.MessageDispatcher.dispatchMessages(MessageDispatcher.java:89)
	at com.thoughtworks.gauge.GaugeRuntime.dispatchMessages(GaugeRuntime.java:104)
	at com.thoughtworks.gauge.GaugeRuntime.access$100(GaugeRuntime.java:36)
	at com.thoughtworks.gauge.GaugeRuntime$2.run(GaugeRuntime.java:85)
	at java.lang.Thread.run(Thread.java:745)
2017-05-14 14:38:36,105 ERROR [WsdlSubmit] Exception in request: java.net.UnknownHostException: www.googleapis.com
2017-05-14 14:38:36,105 ERROR [errorlog] java.net.UnknownHostException: www.googleapis.com
java.net.UnknownHostException: www.googleapis.com
	at java.net.InetAddress.getAllByName0(InetAddress.java:1280)
	at java.net.InetAddress.getAllByName(InetAddress.java:1192)
	at java.net.InetAddress.getAllByName(InetAddress.java:1126)
	at org.apache.http.impl.conn.DefaultClientConnectionOperator.resolveHostname(DefaultClientConnectionOperator.java:242)
	at com.eviware.soapui.impl.wsdl.support.http.SoapUIMultiThreadedHttpConnectionManager$SoapUIClientConnectionOperator.openConnection(SoapUIMultiThreadedHttpConnectionManager.java:241)
	at org.apache.http.impl.conn.AbstractPoolEntry.open(AbstractPoolEntry.java:149)
	at org.apache.http.impl.conn.AbstractPooledConnAdapter.open(AbstractPooledConnAdapter.java:121)
	at org.apache.http.impl.client.DefaultRequestDirector.tryConnect(DefaultRequestDirector.java:561)
	at org.apache.http.impl.client.DefaultRequestDirector.execute(DefaultRequestDirector.java:415)
	at org.apache.http.impl.client.AbstractHttpClient.execute(AbstractHttpClient.java:820)
	at org.apache.http.impl.client.AbstractHttpClient.execute(AbstractHttpClient.java:754)
	at com.eviware.soapui.impl.wsdl.support.http.HttpClientSupport$Helper.execute(HttpClientSupport.java:233)
	at com.eviware.soapui.impl.wsdl.support.http.HttpClientSupport.execute(HttpClientSupport.java:323)
	at com.eviware.soapui.impl.wsdl.submit.transports.http.HttpClientRequestTransport.submitRequest(HttpClientRequestTransport.java:290)
	at com.eviware.soapui.impl.wsdl.submit.transports.http.HttpClientRequestTransport.sendRequest(HttpClientRequestTransport.java:220)
	at com.eviware.soapui.impl.wsdl.WsdlSubmit.run(WsdlSubmit.java:119)
	at com.eviware.soapui.impl.wsdl.WsdlSubmit.submitRequest(WsdlSubmit.java:80)
	at com.eviware.soapui.impl.rest.RestRequest.submit(RestRequest.java:192)
	at com.eviware.soapui.impl.wsdl.teststeps.RestTestRequestStep.run(RestTestRequestStep.java:793)
	at com.eviware.soapui.impl.wsdl.support.AbstractTestCaseRunner.runTestStep(AbstractTestCaseRunner.java:213)
	at com.eviware.soapui.impl.wsdl.testcase.WsdlTestCaseRunner.runCurrentTestStep(WsdlTestCaseRunner.java:47)
	at com.eviware.soapui.impl.wsdl.support.AbstractTestCaseRunner.internalRun(AbstractTestCaseRunner.java:139)
	at com.eviware.soapui.impl.wsdl.support.AbstractTestCaseRunner.internalRun(AbstractTestCaseRunner.java:47)
	at com.eviware.soapui.impl.wsdl.support.AbstractTestRunner.run(AbstractTestRunner.java:129)
	at com.eviware.soapui.impl.wsdl.support.AbstractTestRunner.start(AbstractTestRunner.java:77)
	at com.eviware.soapui.impl.wsdl.testcase.WsdlTestCase.run(WsdlTestCase.java:592)
	at com.eviware.soapui.tools.SoapUITestCaseRunner.runTestCase(SoapUITestCaseRunner.java:553)
	at com.eviware.soapui.tools.SoapUITestCaseRunner.runRunner(SoapUITestCaseRunner.java:385)
	at com.eviware.soapui.tools.AbstractSoapUIRunner.run(AbstractSoapUIRunner.java:188)
	at com.maxsoft.restapitestautomator.ExecuteSoapUIAnyTestCase.executeSpecificTestCase(ExecuteSoapUIAnyTestCase.java:29)
	at Test.testm(Test.java:14)
	at sun.reflect.NativeMethodAccessorImpl.invoke0(Native Method)
	at sun.reflect.NativeMethodAccessorImpl.invoke(NativeMethodAccessorImpl.java:62)
	at sun.reflect.DelegatingMethodAccessorImpl.invoke(DelegatingMethodAccessorImpl.java:43)
	at java.lang.reflect.Method.invoke(Method.java:498)
	at com.thoughtworks.gauge.execution.MethodExecutor.execute(MethodExecutor.java:38)
	at com.thoughtworks.gauge.execution.StepExecutionStage.executeStepMethod(StepExecutionStage.java:130)
	at com.thoughtworks.gauge.execution.StepExecutionStage.executeStep(StepExecutionStage.java:86)
	at com.thoughtworks.gauge.execution.StepExecutionStage.execute(StepExecutionStage.java:67)
	at com.thoughtworks.gauge.execution.AbstractExecutionStage.executeNext(AbstractExecutionStage.java:24)
	at com.thoughtworks.gauge.execution.HookExecutionStage.execute(HookExecutionStage.java:43)
	at com.thoughtworks.gauge.execution.ExecutionPipeline.start(ExecutionPipeline.java:29)
	at com.thoughtworks.gauge.processor.ExecuteStepProcessor.process(ExecuteStepProcessor.java:39)
	at com.thoughtworks.gauge.connection.MessageDispatcher.dispatchMessages(MessageDispatcher.java:89)
	at com.thoughtworks.gauge.GaugeRuntime.dispatchMessages(GaugeRuntime.java:104)
	at com.thoughtworks.gauge.GaugeRuntime.access$100(GaugeRuntime.java:36)
	at com.thoughtworks.gauge.GaugeRuntime$2.run(GaugeRuntime.java:85)
	at java.lang.Thread.run(Thread.java:745)
2017-05-14 14:38:36,170 ERROR [WsdlSubmit] Exception in request: java.net.UnknownHostException: www.googleapis.com
2017-05-14 14:38:36,170 ERROR [errorlog] java.net.UnknownHostException: www.googleapis.com
java.net.UnknownHostException: www.googleapis.com
	at java.net.InetAddress.getAllByName0(InetAddress.java:1280)
	at java.net.InetAddress.getAllByName(InetAddress.java:1192)
	at java.net.InetAddress.getAllByName(InetAddress.java:1126)
	at org.apache.http.impl.conn.DefaultClientConnectionOperator.resolveHostname(DefaultClientConnectionOperator.java:242)
	at com.eviware.soapui.impl.wsdl.support.http.SoapUIMultiThreadedHttpConnectionManager$SoapUIClientConnectionOperator.openConnection(SoapUIMultiThreadedHttpConnectionManager.java:241)
	at org.apache.http.impl.conn.AbstractPoolEntry.open(AbstractPoolEntry.java:149)
	at org.apache.http.impl.conn.AbstractPooledConnAdapter.open(AbstractPooledConnAdapter.java:121)
	at org.apache.http.impl.client.DefaultRequestDirector.tryConnect(DefaultRequestDirector.java:561)
	at org.apache.http.impl.client.DefaultRequestDirector.execute(DefaultRequestDirector.java:415)
	at org.apache.http.impl.client.AbstractHttpClient.execute(AbstractHttpClient.java:820)
	at org.apache.http.impl.client.AbstractHttpClient.execute(AbstractHttpClient.java:754)
	at com.eviware.soapui.impl.wsdl.support.http.HttpClientSupport$Helper.execute(HttpClientSupport.java:233)
	at com.eviware.soapui.impl.wsdl.support.http.HttpClientSupport.execute(HttpClientSupport.java:323)
	at com.eviware.soapui.impl.wsdl.submit.transports.http.HttpClientRequestTransport.submitRequest(HttpClientRequestTransport.java:290)
	at com.eviware.soapui.impl.wsdl.submit.transports.http.HttpClientRequestTransport.sendRequest(HttpClientRequestTransport.java:220)
	at com.eviware.soapui.impl.wsdl.WsdlSubmit.run(WsdlSubmit.java:119)
	at com.eviware.soapui.impl.wsdl.WsdlSubmit.submitRequest(WsdlSubmit.java:80)
	at com.eviware.soapui.impl.rest.RestRequest.submit(RestRequest.java:192)
	at com.eviware.soapui.impl.wsdl.teststeps.RestTestRequestStep.run(RestTestRequestStep.java:793)
	at com.eviware.soapui.impl.wsdl.support.AbstractTestCaseRunner.runTestStep(AbstractTestCaseRunner.java:213)
	at com.eviware.soapui.impl.wsdl.support.AbstractTestCaseRunner.runTestStep(AbstractTestCaseRunner.java:205)
	at com.maxsoft.restapitestautomator.TestStepsExecutionResults.getTestStepsExecutionResults(TestStepsExecutionResults.java:49)
	at com.maxsoft.restapitestautomator.ExecuteSoapUIAnyTestCase.executeSpecificTestCase(ExecuteSoapUIAnyTestCase.java:38)
	at Test.testm(Test.java:14)
	at sun.reflect.NativeMethodAccessorImpl.invoke0(Native Method)
	at sun.reflect.NativeMethodAccessorImpl.invoke(NativeMethodAccessorImpl.java:62)
	at sun.reflect.DelegatingMethodAccessorImpl.invoke(DelegatingMethodAccessorImpl.java:43)
	at java.lang.reflect.Method.invoke(Method.java:498)
	at com.thoughtworks.gauge.execution.MethodExecutor.execute(MethodExecutor.java:38)
	at com.thoughtworks.gauge.execution.StepExecutionStage.executeStepMethod(StepExecutionStage.java:130)
	at com.thoughtworks.gauge.execution.StepExecutionStage.executeStep(StepExecutionStage.java:86)
	at com.thoughtworks.gauge.execution.StepExecutionStage.execute(StepExecutionStage.java:67)
	at com.thoughtworks.gauge.execution.AbstractExecutionStage.executeNext(AbstractExecutionStage.java:24)
	at com.thoughtworks.gauge.execution.HookExecutionStage.execute(HookExecutionStage.java:43)
	at com.thoughtworks.gauge.execution.ExecutionPipeline.start(ExecutionPipeline.java:29)
	at com.thoughtworks.gauge.processor.ExecuteStepProcessor.process(ExecuteStepProcessor.java:39)
	at com.thoughtworks.gauge.connection.MessageDispatcher.dispatchMessages(MessageDispatcher.java:89)
	at com.thoughtworks.gauge.GaugeRuntime.dispatchMessages(GaugeRuntime.java:104)
	at com.thoughtworks.gauge.GaugeRuntime.access$100(GaugeRuntime.java:36)
	at com.thoughtworks.gauge.GaugeRuntime$2.run(GaugeRuntime.java:85)
	at java.lang.Thread.run(Thread.java:745)
