2017-05-09 12:25:36,151 INFO  [SoapUI] Adding [C:\Users\osanda\IdeaProjects\MaxSoft-REST-API-Test-Automator-API_Test_Demo_V2\ext\MaxSoft_REST_API_Test_Automator.jar] to extensions classpath
2017-05-09 12:25:36,368 INFO  [DefaultSoapUICore] initialized soapui-settings from [C:\Users\osanda\soapui-settings.xml]
2017-05-09 12:25:37,995 ERROR [TestAssertionRegistry] Missing assertion for type [JsonPath Match]
2017-05-09 12:25:37,995 ERROR [TestAssertionRegistry] Missing assertion for type [JsonPath Match]
2017-05-09 12:25:37,996 ERROR [TestAssertionRegistry] Missing assertion for type [JsonPath Match]
2017-05-09 12:25:38,222 ERROR [TestAssertionRegistry] Missing assertion for type [JsonPath Match]
2017-05-09 12:25:38,225 ERROR [TestAssertionRegistry] Missing assertion for type [JsonPath Match]
2017-05-09 12:25:38,337 INFO  [WsdlProject] Loaded project from [file:/C:/Users/osanda/IdeaProjects/MaxSoft-REST-API-Test-Automator-API_Test_Demo_V2/resources/GoogleBooks.xml]
2017-05-09 12:25:38,346 INFO  [SoapUITestCaseRunner] Running SoapUI tests in project [REST Project 1]
2017-05-09 12:25:38,346 INFO  [SoapUITestCaseRunner] Running TestCase [Validate that the user picks the correct book TestCase]
2017-05-09 12:25:38,361 INFO  [SoapUITestCaseRunner] Running SoapUI testcase [Validate that the user picks the correct book TestCase]
2017-05-09 12:25:38,370 INFO  [SoapUITestCaseRunner] running step [User picks the "Code Complete" book]
2017-05-09 12:25:39,518 INFO  [SoapUITestCaseRunner] Assertion [Validate that HTTP Status Code is 200] has status VALID
2017-05-09 12:25:39,518 INFO  [SoapUITestCaseRunner] running step [Groovy Script]
2017-05-09 12:25:40,062 INFO  [log] Code Complete
2017-05-09 12:25:40,101 INFO  [SoapUITestCaseRunner] Finished running SoapUI testcase [Validate that the user picks the correct book TestCase], time taken: 1495ms, status: FINISHED
2017-05-09 12:25:40,102 INFO  [SoapUITestCaseRunner] TestCase [Validate that the user picks the correct book TestCase] finished with status [FINISHED] in 1495ms
2017-05-09 12:25:40,112 ERROR [TestAssertionRegistry] Missing assertion for type [JsonPath Match]
2017-05-09 12:25:40,113 ERROR [TestAssertionRegistry] Missing assertion for type [JsonPath Match]
2017-05-09 12:25:40,113 ERROR [TestAssertionRegistry] Missing assertion for type [JsonPath Match]
2017-05-09 12:25:40,115 ERROR [TestAssertionRegistry] Missing assertion for type [JsonPath Match]
2017-05-09 12:25:40,118 ERROR [TestAssertionRegistry] Missing assertion for type [JsonPath Match]
2017-05-09 12:25:40,121 INFO  [WsdlProject] Loaded project from [file:/C:/Users/osanda/IdeaProjects/MaxSoft-REST-API-Test-Automator-API_Test_Demo_V2/resources/GoogleBooks.xml]
2017-05-09 12:25:40,884 INFO  [log] Code Complete
2017-05-09 12:25:40,916 ERROR [TestAssertionRegistry] Missing assertion for type [JsonPath Match]
2017-05-09 12:25:40,916 ERROR [TestAssertionRegistry] Missing assertion for type [JsonPath Match]
2017-05-09 12:25:40,916 ERROR [TestAssertionRegistry] Missing assertion for type [JsonPath Match]
2017-05-09 12:25:40,922 ERROR [TestAssertionRegistry] Missing assertion for type [JsonPath Match]
2017-05-09 12:25:40,923 ERROR [TestAssertionRegistry] Missing assertion for type [JsonPath Match]
2017-05-09 12:25:40,924 INFO  [WsdlProject] Loaded project from [file:/C:/Users/osanda/IdeaProjects/MaxSoft-REST-API-Test-Automator-API_Test_Demo_V2/resources/GoogleBooks.xml]
2017-05-09 12:25:40,925 INFO  [SoapUITestCaseRunner] Running SoapUI tests in project [REST Project 1]
2017-05-09 12:25:40,925 INFO  [SoapUITestCaseRunner] Running TestCase [Validate that the user doesn't get any book for invalid isbn TestCase]
2017-05-09 12:25:40,927 INFO  [SoapUITestCaseRunner] Running SoapUI testcase [Validate that the user doesn't get any book for invalid isbn TestCase]
2017-05-09 12:25:40,927 INFO  [SoapUITestCaseRunner] running step [User provides an invalid isbn]
2017-05-09 12:25:41,265 INFO  [SoapUITestCaseRunner] Assertion [Validate that HTTP Status Code is 200] has status VALID
2017-05-09 12:25:41,265 INFO  [SoapUITestCaseRunner] Finished running SoapUI testcase [Validate that the user doesn't get any book for invalid isbn TestCase], time taken: 333ms, status: FINISHED
2017-05-09 12:25:41,265 INFO  [SoapUITestCaseRunner] TestCase [Validate that the user doesn't get any book for invalid isbn TestCase] finished with status [FINISHED] in 333ms
2017-05-09 12:25:41,270 ERROR [TestAssertionRegistry] Missing assertion for type [JsonPath Match]
2017-05-09 12:25:41,271 ERROR [TestAssertionRegistry] Missing assertion for type [JsonPath Match]
2017-05-09 12:25:41,271 ERROR [TestAssertionRegistry] Missing assertion for type [JsonPath Match]
2017-05-09 12:25:41,273 ERROR [TestAssertionRegistry] Missing assertion for type [JsonPath Match]
2017-05-09 12:25:41,274 ERROR [TestAssertionRegistry] Missing assertion for type [JsonPath Match]
2017-05-09 12:25:41,276 INFO  [WsdlProject] Loaded project from [file:/C:/Users/osanda/IdeaProjects/MaxSoft-REST-API-Test-Automator-API_Test_Demo_V2/resources/GoogleBooks.xml]
2017-05-09 12:25:41,659 ERROR [TestAssertionRegistry] Missing assertion for type [JsonPath Match]
2017-05-09 12:25:41,659 ERROR [TestAssertionRegistry] Missing assertion for type [JsonPath Match]
2017-05-09 12:25:41,659 ERROR [TestAssertionRegistry] Missing assertion for type [JsonPath Match]
2017-05-09 12:25:41,661 ERROR [TestAssertionRegistry] Missing assertion for type [JsonPath Match]
2017-05-09 12:25:41,662 ERROR [TestAssertionRegistry] Missing assertion for type [JsonPath Match]
2017-05-09 12:25:41,663 INFO  [WsdlProject] Loaded project from [file:/C:/Users/osanda/IdeaProjects/MaxSoft-REST-API-Test-Automator-API_Test_Demo_V2/resources/GoogleBooks.xml]
2017-05-09 12:25:41,664 INFO  [SoapUITestCaseRunner] Running SoapUI tests in project [REST Project 1]
2017-05-09 12:25:41,664 INFO  [SoapUITestCaseRunner] Running TestCase [Validate that the user gets an error for the null query TestCase]
2017-05-09 12:25:41,664 INFO  [SoapUITestCaseRunner] Running SoapUI testcase [Validate that the user gets an error for the null query TestCase]
2017-05-09 12:25:41,664 INFO  [SoapUITestCaseRunner] running step [User provides an invalid isbn]
2017-05-09 12:25:42,177 INFO  [SoapUITestCaseRunner] Assertion [Validate that HTTP Status Code is 200] has status VALID
2017-05-09 12:25:42,177 INFO  [SoapUITestCaseRunner] Assertion [Validate that the response contains null for the query] has status FAILED
2017-05-09 12:25:42,177 ERROR [SoapUITestCaseRunner] ASSERTION FAILED -> Missing token [null] in Response
2017-05-09 12:25:42,177 ERROR [SoapUITestCaseRunner] User provides an invalid isbn failed, exporting to [C:\Users\osanda\IdeaProjects\MaxSoft-REST-API-Test-Automator-API_Test_Demo_V2\Books_TestSuite-Validate_that_the_user_gets_an_error_for_the_null_query_TestCase-User_provides_an_invalid_isbn-0-FAILED.txt]
2017-05-09 12:25:42,185 INFO  [SoapUITestCaseRunner] Finished running SoapUI testcase [Validate that the user gets an error for the null query TestCase], time taken: 496ms, status: FAILED
2017-05-09 12:25:42,185 INFO  [SoapUITestCaseRunner] TestCase [Validate that the user gets an error for the null query TestCase] finished with status [FAILED] in 496ms
2017-05-09 12:25:42,192 ERROR [TestAssertionRegistry] Missing assertion for type [JsonPath Match]
2017-05-09 12:25:42,192 ERROR [TestAssertionRegistry] Missing assertion for type [JsonPath Match]
2017-05-09 12:25:42,192 ERROR [TestAssertionRegistry] Missing assertion for type [JsonPath Match]
2017-05-09 12:25:42,194 ERROR [TestAssertionRegistry] Missing assertion for type [JsonPath Match]
2017-05-09 12:25:42,195 ERROR [TestAssertionRegistry] Missing assertion for type [JsonPath Match]
2017-05-09 12:25:42,196 INFO  [WsdlProject] Loaded project from [file:/C:/Users/osanda/IdeaProjects/MaxSoft-REST-API-Test-Automator-API_Test_Demo_V2/resources/GoogleBooks.xml]
