09:33:34.993 Failed to start execution API Service. GAUGE_API_V2_PORT Environment variable not set 
09:33:34.995 Watching directory: C:\Users\osanda\IdeaProjects\TestProject\specs
09:33:34.995 Found 1 files
09:33:34.996 Initializing concepts cache with 0 concepts
09:33:34.998 Initializing specs cache with 1 specs
09:33:34.998 Adding specs from C:\Users\osanda\IdeaProjects\TestProject\specs\example.spec
09:33:34.998 Initializing steps cache with 3 steps
09:33:35.827 Api Request Received: messageType:GetLanguagePluginLibPathRequest messageId:5 libPathRequest:<language:"java" > 
09:33:35.828 Sending API response: messageType:GetLanguagePluginLibPathResponse messageId:5 libPathResponse:<path:"C:\\Users\\osanda\\AppData\\Roaming\\gauge\\plugins\\java\\0.6.1\\libs" > 
09:33:37.012 Api Request Received: messageType:GetLanguagePluginLibPathRequest messageId:5 libPathRequest:<language:"java" > 
09:33:37.013 Sending API response: messageType:GetLanguagePluginLibPathResponse messageId:5 libPathResponse:<path:"C:\\Users\\osanda\\AppData\\Roaming\\gauge\\plugins\\java\\0.6.1\\libs" > 
09:33:38.693 Api Request Received: messageType:GetLanguagePluginLibPathRequest messageId:5 libPathRequest:<language:"java" > 
09:33:38.694 Sending API response: messageType:GetLanguagePluginLibPathResponse messageId:5 libPathResponse:<path:"C:\\Users\\osanda\\AppData\\Roaming\\gauge\\plugins\\java\\0.6.1\\libs" > 
09:33:54.724 Api Request Received: messageType:GetStepValueRequest messageId:4 stepValueRequest:<stepText:"Almost all words have vowels <wordsTable>" > 
09:33:54.725 Sending API response: messageType:GetStepValueResponse messageId:4 stepValueResponse:<stepValue:<stepValue:"Almost all words have vowels {}" parameterizedStepValue:"Almost all words have vowels <wordsTable>" parameters:"wordsTable" > > 
09:33:54.739 Api Request Received: messageType:GetStepValueRequest messageId:4 stepValueRequest:<stepText:"Vowels in English language are <vowelString>." > 
09:33:54.740 Sending API response: messageType:GetStepValueResponse messageId:4 stepValueResponse:<stepValue:<stepValue:"Vowels in English language are {}." parameterizedStepValue:"Vowels in English language are <vowelString>." parameters:"vowelString" > > 
09:33:54.740 Api Request Received: messageType:GetStepValueRequest messageId:4 stepValueRequest:<stepText:"The word <word> has <expectedCount> vowels." > 
09:33:54.741 Sending API response: messageType:GetStepValueResponse messageId:4 stepValueResponse:<stepValue:<stepValue:"The word {} has {} vowels." parameterizedStepValue:"The word <word> has <expectedCount> vowels." parameters:"word" parameters:"expectedCount" > > 
10:07:02.335 Spec file removed: C:\Users\osanda\IdeaProjects\TestProject\specs\example.spec
10:07:19.599 Spec file added / modified: C:\Users\osanda\IdeaProjects\TestProject\specs\TestSpec.spec
10:07:19.661 Spec file removed: C:\Users\osanda\IdeaProjects\TestProject\specs\TestSpec.spec
10:07:19.663 Spec file added / modified: C:\Users\osanda\IdeaProjects\TestProject\specs\TestSpec.spec
10:10:27.873 Spec file removed: C:\Users\osanda\IdeaProjects\TestProject\specs\TestSpec.spec
10:10:27.874 Spec file added / modified: C:\Users\osanda\IdeaProjects\TestProject\specs\TestSpec.spec
10:10:34.314 Spec file removed: C:\Users\osanda\IdeaProjects\TestProject\specs\TestSpec.spec
10:10:34.317 Spec file added / modified: C:\Users\osanda\IdeaProjects\TestProject\specs\TestSpec.spec
10:11:33.625 Spec file removed: C:\Users\osanda\IdeaProjects\TestProject\specs\TestSpec.spec
10:11:33.627 Spec file added / modified: C:\Users\osanda\IdeaProjects\TestProject\specs\TestSpec.spec
10:11:34.021 Spec file removed: C:\Users\osanda\IdeaProjects\TestProject\specs\TestSpec.spec
10:11:34.024 Spec file added / modified: C:\Users\osanda\IdeaProjects\TestProject\specs\TestSpec.spec
10:11:40.535 Spec file removed: C:\Users\osanda\IdeaProjects\TestProject\specs\TestSpec.spec
10:11:40.538 Spec file added / modified: C:\Users\osanda\IdeaProjects\TestProject\specs\TestSpec.spec
10:11:56.215 Spec file removed: C:\Users\osanda\IdeaProjects\TestProject\specs\TestSpec.spec
10:11:56.217 Spec file added / modified: C:\Users\osanda\IdeaProjects\TestProject\specs\TestSpec.spec
10:12:57.000 Spec file removed: C:\Users\osanda\IdeaProjects\TestProject\specs\TestSpec.spec
10:12:57.003 Spec file added / modified: C:\Users\osanda\IdeaProjects\TestProject\specs\TestSpec.spec
ts\TestProject\specs\TestSpec.spec
10:10:27.875 Spec file added / modified: C:\Users\osanda\IdeaProjects\TestProject\specs\TestSpec.spec
10:10:28.694 Api Request Received: messageType:GetStepValueRequest messageId:4 stepValueRequest:<> 
10:10:28.696 Sending API response: messageType:GetStepValueResponse messageId:4 stepValueResponse:<stepValue:<> > 
10:10:34.314 Spec file removed: C:\Users\osanda\IdeaProjects\TestProject\specs\TestSpec.spec
10:10:34.317 Spec file added / modified: C:\Users\osanda\IdeaProjects\TestProject\specs\TestSpec.spec
10:11:33.625 Spec file removed: C:\Users\osanda\IdeaProjects\TestProject\specs\TestSpec.spec
10:11:33.627 Spec file added / modified: C:\Users\osanda\IdeaProjects\TestProject\specs\TestSpec.spec
10:11:34.021 Spec file removed: C:\Users\osanda\IdeaProjects\TestProject\specs\TestSpec.spec
10:11:34.022 Spec file added / modified: C:\Users\osanda\IdeaProjects\TestProject\specs\TestSpec.spec
10:11:40.535 Spec file removed: C:\Users\osanda\IdeaProjects\TestProject\specs\TestSpec.spec
10:11:40.538 Spec file added / modified: C:\Users\osanda\IdeaProjects\TestProject\specs\TestSpec.spec
10:11:56.215 Spec file removed: C:\Users\osanda\IdeaProjects\TestProject\specs\TestSpec.spec
10:11:56.217 Spec file added / modified: C:\Users\osanda\IdeaProjects\TestProject\specs\TestSpec.spec
10:12:13.371 Api Request Received: messageType:GetStepValueRequest messageId:4 stepValueRequest:<stepText:"Execute <TestCase> of <TestSuite>" > 
10:12:13.375 Sending API response: messageType:GetStepValueResponse messageId:4 stepValueResponse:<stepValue:<stepValue:"Execute {} of {}" parameterizedStepValue:"Execute <TestCase> of <TestSuite>" parameters:"TestCase" parameters:"TestSuite" > > 
10:12:13.393 Api Request Received: messageType:GetStepValueRequest messageId:4 stepValueRequest:<stepText:"Execute <TestCase> of <TestSuite>" > 
10:12:13.393 Sending API response: messageType:GetStepValueResponse messageId:4 stepValueResponse:<stepValue:<stepValue:"Execute {} of {}" parameterizedStepValue:"Execute <TestCase> of <TestSuite>" parameters:"TestCase" parameters:"TestSuite" > > 
10:12:50.293 Api Request Received: messageType:GetStepValueRequest messageId:4 stepValueRequest:<stepText:"Execute <TestCase> <TestSuite>" > 
10:12:50.293 Sending API response: messageType:GetStepValueResponse messageId:4 stepValueResponse:<stepValue:<stepValue:"Execute {} {}" parameterizedStepValue:"Execute <TestCase> <TestSuite>" parameters:"TestCase" parameters:"TestSuite" > > 
10:12:54.882 Api Request Received: messageType:GetStepValueRequest messageId:4 stepValueRequest:<stepText:"Execute <TestCase>  <TestSuite>" > 
10:12:54.882 Sending API response: messageType:GetStepValueResponse messageId:4 stepValueResponse:<stepValue:<stepValue:"Execute {}  {}" parameterizedStepValue:"Execute <TestCase>  <TestSuite>" parameters:"TestCase" parameters:"TestSuite" > > 
10:12:54.924 Api Request Received: messageType:GetStepValueRequest messageId:4 stepValueRequest:<stepText:"Execute <TestCase>  <TestSuite>" > 
10:12:54.924 Sending API response: messageType:GetStepValueResponse messageId:4 stepValueResponse:<stepValue:<stepValue:"Execute {}  {}" parameterizedStepValue:"Execute <TestCase>  <TestSuite>" parameters:"TestCase" parameters:"TestSuite" > > 
10:12:54.941 Api Request Received: messageType:GetStepValueRequest messageId:4 stepValueRequest:<stepText:"Execute <TestCase>  <TestSuite>" > 
10:12:54.941 Sending API response: messageType:GetStepValueResponse messageId:4 stepValueResponse:<stepValue:<stepValue:"Execute {}  {}" parameterizedStepValue:"Execute <TestCase>  <TestSuite>" parameters:"TestCase" parameters:"TestSuite" > > 
10:12:57.001 Spec file removed: C:\Users\osanda\IdeaProjects\TestProject\specs\TestSpec.spec
10:12:57.003 Spec file added / modified: C:\Users\osanda\IdeaProjects\TestProject\specs\TestSpec.spec
10:13:21.600 Api Request Received: messageType:GetStepValueRequest messageId:4 stepValueRequest:<stepText:"Execute <TestCase> <TestSuite>" > 
10:13:21.600 Sending API response: messageType:GetStepValueResponse messageId:4 stepValueResponse:<stepValue:<stepValue:"Execute {} {}" parameterizedStepValue:"Execute <TestCase> <TestSuite>" parameters:"TestCase" parameters:"TestSuite" > > 
10:13:21.612 Api Request Received: messageType:GetStepValueRequest messageId:4 stepValueRequest:<stepText:"Execute <TestCase> of <TestSuite>" > 
10:13:21.612 Sending API response: messageType:GetStepValueResponse messageId:4 stepValueResponse:<stepValue:<stepValue:"Execute {} of {}" parameterizedStepValue:"Execute <TestCase> of <TestSuite>" parameters:"TestCase" parameters:"TestSuite" > > 
10:15:29.948 Api Request Received: messageType:GetStepValueRequest messageId:4 stepValueRequest:<stepText:"Execute <TestCase> <TestSuite>" > 
10:15:29.948 Sending API response: messageType:GetStepValueResponse messageId:4 stepValueResponse:<stepValue:<stepValue:"Execute {} {}" parameterizedStepValue:"Execute <TestCase> <TestSuite>" parameters:"TestCase" parameters:"TestSuite" > > 
10:15:29.960 Api Request Received: messageType:GetStepValueRequest messageId:4 stepValueRequest:<stepText:"Execute <TestCase> of <TestSuite>" > 
10:15:29.960 Sending API response: messageType:GetStepValueResponse messageId:4 stepValueResponse:<stepValue:<stepValue:"Execute {} of {}" parameterizedStepValue:"Execute <TestCase> of <TestSuite>" parameters:"TestCase" parameters:"TestSuite" > > 
10:16:42.454 Api Request Received: messageType:GetStepValueRequest messageId:4 stepValueRequest:<stepText:"Execute <TestCase> <TestSuite>" > 
10:16:42.456 Sending API response: messageType:GetStepValueResponse messageId:4 stepValueResponse:<stepValue:<stepValue:"Execute {} {}" parameterizedStepValue:"Execute <TestCase> <TestSuite>" parameters:"TestCase" parameters:"TestSuite" > > 
10:16:42.467 Api Request Received: messageType:GetStepValueRequest messageId:4 stepValueRequest:<stepText:"Execute <TestCase> of <TestSuite>" > 
10:16:42.467 Sending API response: messageType:GetStepValueResponse messageId:4 stepValueResponse:<stepValue:<stepValue:"Execute {} of {}" parameterizedStepValue:"Execute <TestCase> of <TestSuite>" parameters:"TestCase" parameters:"TestSuite" > > 
10:42:34.725 Failed to start execution API Service. GAUGE_API_V2_PORT Environment variable not set 
10:42:34.726 Watching directory: C:\Users\osanda\IdeaProjects\API_Test_Demo - V2\specs
10:42:34.726 Found 1 files
10:42:34.728 Initializing concepts cache with 0 concepts
10:42:34.729 Initializing specs cache with 1 specs
10:42:34.729 Adding specs from C:\Users\osanda\IdeaProjects\API_Test_Demo - V2\specs\TestSpec.spec
10:42:34.729 Initializing steps cache with 1 steps
10:42:46.017 Api Request Received: messageType:GetStepValueRequest messageId:4 stepValueRequest:<stepText:"Execute <TestCase> <TestSuite>" > 
10:42:46.017 Sending API response: messageType:GetStepValueResponse messageId:4 stepValueResponse:<stepValue:<stepValue:"Execute {} {}" parameterizedStepValue:"Execute <TestCase> <TestSuite>" parameters:"TestCase" parameters:"TestSuite" > > 
10:42:55.906 Api Request Received: messageType:GetStepValueRequest messageId:4 stepValueRequest:<stepText:"Execute <TestCase> <TestSuite>" > 
10:42:55.907 Sending API response: messageType:GetStepValueResponse messageId:4 stepValueResponse:<stepValue:<stepValue:"Execute {} {}" parameterizedStepValue:"Execute <TestCase> <TestSuite>" parameters:"TestCase" parameters:"TestSuite" > > 
10:42:55.977 Api Request Received: messageType:GetStepValueRequest messageId:4 stepValueRequest:<stepText:"Execute <TestCase> <TestSuite>" > 
10:42:55.977 Sending API response: messageType:GetStepValueResponse messageId:4 stepValueResponse:<stepValue:<stepValue:"Execute {} {}" parameterizedStepValue:"Execute <TestCase> <TestSuite>" parameters:"TestCase" parameters:"TestSuite" > > 
10:44:20.935 Api Request Received: messageType:GetStepValueRequest messageId:4 stepValueRequest:<stepText:"Execute <TestCase> <TestSuite>" > 
10:44:20.935 Sending API response: messageType:GetStepValueResponse messageId:4 stepValueResponse:<stepValue:<stepValue:"Execute {} {}" parameterizedStepValue:"Execute <TestCase> <TestSuite>" parameters:"TestCase" parameters:"TestSuite" > > 
10:44:20.946 Api Request Received: messageType:GetStepValueRequest messageId:4 stepValueRequest:<stepText:"Execute <TestCase> of <TestSuite>" > 
10:44:20.946 Sending API response: messageType:GetStepValueResponse messageId:4 stepValueResponse:<stepValue:<stepValue:"Execute {} of {}" parameterizedStepValue:"Execute <TestCase> of <TestSuite>" parameters:"TestCase" parameters:"TestSuite" > > 
10:46:36.475 Failed to start execution API Service. GAUGE_API_V2_PORT Environment variable not set 
10:46:36.475 Watching directory: C:\Users\osanda\IdeaProjects\API_Test_Demo - V2\specs
10:46:36.475 Found 1 files
10:46:36.477 Initializing concepts cache with 0 concepts
10:46:36.478 Initializing specs cache with 1 specs
10:46:36.478 Adding specs from C:\Users\osanda\IdeaProjects\API_Test_Demo - V2\specs\TestSpec.spec
10:46:36.478 Initializing steps cache with 1 steps
10:46:38.817 Api Request Received: messageType:GetStepValueRequest messageId:4 stepValueRequest:<stepText:"Execute <TestCase> of <TestSuite>" > 
10:46:38.817 Sending API response: messageType:GetStepValueResponse messageId:4 stepValueResponse:<stepValue:<stepValue:"Execute {} of {}" parameterizedStepValue:"Execute <TestCase> of <TestSuite>" parameters:"TestCase" parameters:"TestSuite" > > 
10:46:38.821 Api Request Received: messageType:GetStepValueRequest messageId:4 stepValueRequest:<stepText:"Execute <TestCase> of <TestSuite>" > 
10:46:38.821 Sending API response: messageType:GetStepValueResponse messageId:4 stepValueResponse:<stepValue:<stepValue:"Execute {} of {}" parameterizedStepValue:"Execute <TestCase> of <TestSuite>" parameters:"TestCase" parameters:"TestSuite" > > 
10:46:54.369 Api Request Received: messageType:GetStepValueRequest messageId:4 stepValueRequest:<stepText:"Execute <TestCase> <TestSuite>" > 
10:46:54.369 Sending API response: messageType:GetStepValueResponse messageId:4 stepValueResponse:<stepValue:<stepValue:"Execute {} {}" parameterizedStepValue:"Execute <TestCase> <TestSuite>" parameters:"TestCase" parameters:"TestSuite" > > 
10:46:54.413 Api Request Received: messageType:GetStepValueRequest messageId:4 stepValueRequest:<stepText:"Execute <TestCase> of <TestSuite>" > 
10:46:54.413 Sending API response: messageType:GetStepValueResponse messageId:4 stepValueResponse:<stepValue:<stepValue:"Execute {} of {}" parameterizedStepValue:"Execute <TestCase> of <TestSuite>" parameters:"TestCase" parameters:"TestSuite" > > 
10:47:03.380 Api Request Received: messageType:GetStepValueRequest messageId:4 stepValueRequest:<stepText:"Execute <TestCase> <TestSuite>" > 
10:47:03.384 Sending API response: messageType:GetStepValueResponse messageId:4 stepValueResponse:<stepValue:<stepValue:"Execute {} {}" parameterizedStepValue:"Execute <TestCase> <TestSuite>" parameters:"TestCase" parameters:"TestSuite" > > 
10:47:03.403 Api Request Received: messageType:GetStepValueRequest messageId:4 stepValueRequest:<stepText:"Execute <TestCase> of <TestSuite>" > 
10:47:03.404 Sending API response: messageType:GetStepValueResponse messageId:4 stepValueResponse:<stepValue:<stepValue:"Execute {} of {}" parameterizedStepValue:"Execute <TestCase> of <TestSuite>" parameters:"TestCase" parameters:"TestSuite" > > 
19:29:12.712 Failed to start execution API Service. GAUGE_API_V2_PORT Environment variable not set 
19:29:12.721 Watching directory: C:\Users\osanda\IdeaProjects\API_Test_Demo - V2\specs
19:29:12.721 Found 1 files
19:29:12.779 Initializing concepts cache with 0 concepts
19:29:12.793 Initializing specs cache with 1 specs
19:29:12.793 Adding specs from C:\Users\osanda\IdeaProjects\API_Test_Demo - V2\specs\TestSpec.spec
19:29:12.793 Initializing steps cache with 1 steps
19:29:23.709 Api Request Received: messageType:GetStepValueRequest messageId:4 stepValueRequest:<stepText:"Execute <TestCase> <TestSuite>" > 
19:29:23.710 Sending API response: messageType:GetStepValueResponse messageId:4 stepValueResponse:<stepValue:<stepValue:"Execute {} {}" parameterizedStepValue:"Execute <TestCase> <TestSuite>" parameters:"TestCase" parameters:"TestSuite" > > 
19:32:24.478 Api Request Received: messageType:GetStepValueRequest messageId:4 stepValueRequest:<stepText:"Execute <TestCase> <TestSuite>" > 
19:32:24.478 Sending API response: messageType:GetStepValueResponse messageId:4 stepValueResponse:<stepValue:<stepValue:"Execute {} {}" parameterizedStepValue:"Execute <TestCase> <TestSuite>" parameters:"TestCase" parameters:"TestSuite" > > 
19:34:13.465 Api Request Received: messageType:GetStepValueRequest messageId:4 stepValueRequest:<stepText:"Execute <TestCase> <TestSuite>" > 
19:34:13.468 Sending API response: messageType:GetStepValueResponse messageId:4 stepValueResponse:<stepValue:<stepValue:"Execute {} {}" parameterizedStepValue:"Execute <TestCase> <TestSuite>" parameters:"TestCase" parameters:"TestSuite" > > 
19:34:13.480 Api Request Received: messageType:GetStepValueRequest messageId:4 stepValueRequest:<stepText:"Execute <TestCase> of <TestSuite>" > 
19:34:13.480 Sending API response: messageType:GetStepValueResponse messageId:4 stepValueResponse:<stepValue:<stepValue:"Execute {} of {}" parameterizedStepValue:"Execute <TestCase> of <TestSuite>" parameters:"TestCase" parameters:"TestSuite" > > 
19:37:36.674 Failed to start execution API Service. GAUGE_API_V2_PORT Environment variable not set 
19:37:36.676 Watching directory: C:\Users\osanda\IdeaProjects\[MaxSoft API Test Automator] API_Test_Demo - V2\specs
19:37:36.676 Found 1 files
19:37:36.678 Initializing concepts cache with 0 concepts
19:37:36.679 Initializing specs cache with 1 specs
19:37:36.679 Adding specs from C:\Users\osanda\IdeaProjects\[MaxSoft API Test Automator] API_Test_Demo - V2\specs\TestSpec.spec
19:37:36.679 Initializing steps cache with 1 steps
19:37:44.600 Api Request Received: messageType:GetStepValueRequest messageId:4 stepValueRequest:<stepText:"Execute <TestCase> <TestSuite>" > 
19:37:44.600 Sending API response: messageType:GetStepValueResponse messageId:4 stepValueResponse:<stepValue:<stepValue:"Execute {} {}" parameterizedStepValue:"Execute <TestCase> <TestSuite>" parameters:"TestCase" parameters:"TestSuite" > > 
19:38:19.688 Api Request Received: messageType:GetStepValueRequest messageId:4 stepValueRequest:<stepText:"Execute <TestCase> of <TestSuite>" > 
19:38:19.688 Sending API response: messageType:GetStepValueResponse messageId:4 stepValueResponse:<stepValue:<stepValue:"Execute {} of {}" parameterizedStepValue:"Execute <TestCase> of <TestSuite>" parameters:"TestCase" parameters:"TestSuite" > > 
19:38:40.246 Api Request Received: messageType:GetStepValueRequest messageId:4 stepValueRequest:<stepText:"Execute <TestCase> <TestSuite>" > 
19:38:40.249 Sending API response: messageType:GetStepValueResponse messageId:4 stepValueResponse:<stepValue:<stepValue:"Execute {} {}" parameterizedStepValue:"Execute <TestCase> <TestSuite>" parameters:"TestCase" parameters:"TestSuite" > > 
19:38:40.261 Api Request Received: messageType:GetStepValueRequest messageId:4 stepValueRequest:<stepText:"Execute <TestCase> of <TestSuite>" > 
19:38:40.261 Sending API response: messageType:GetStepValueResponse messageId:4 stepValueResponse:<stepValue:<stepValue:"Execute {} of {}" parameterizedStepValue:"Execute <TestCase> of <TestSuite>" parameters:"TestCase" parameters:"TestSuite" > > 
19:39:17.677 Api Request Received: messageType:GetStepValueRequest messageId:4 stepValueRequest:<stepText:"Execute <TestCase> <TestSuite>" > 
19:39:17.680 Sending API response: messageType:GetStepValueResponse messageId:4 stepValueResponse:<stepValue:<stepValue:"Execute {} {}" parameterizedStepValue:"Execute <TestCase> <TestSuite>" parameters:"TestCase" parameters:"TestSuite" > > 
19:39:17.691 Api Request Received: messageType:GetStepValueRequest messageId:4 stepValueRequest:<stepText:"Execute <TestCase> of <TestSuite>" > 
19:39:17.692 Sending API response: messageType:GetStepValueResponse messageId:4 stepValueResponse:<stepValue:<stepValue:"Execute {} of {}" parameterizedStepValue:"Execute <TestCase> of <TestSuite>" parameters:"TestCase" parameters:"TestSuite" > > 
12:07:27.642 Failed to start execution API Service. GAUGE_API_V2_PORT Environment variable not set 
12:07:27.643 Watching directory: C:\Users\osanda\IdeaProjects\MaxSoft-REST-API-Test-Automator-API_Test_Demo_V2\specs
12:07:27.644 Found 1 files
12:07:27.645 Initializing concepts cache with 0 concepts
12:07:27.645 Initializing specs cache with 1 specs
12:07:27.645 Adding specs from C:\Users\osanda\IdeaProjects\MaxSoft-REST-API-Test-Automator-API_Test_Demo_V2\specs\TestSpec.spec
12:07:27.645 Initializing steps cache with 1 steps
12:07:53.155 Api Request Received: messageType:GetStepValueRequest messageId:4 stepValueRequest:<stepText:"Execute <TestCase> <TestSuite>" > 
12:07:53.155 Sending API response: messageType:GetStepValueResponse messageId:4 stepValueResponse:<stepValue:<stepValue:"Execute {} {}" parameterizedStepValue:"Execute <TestCase> <TestSuite>" parameters:"TestCase" parameters:"TestSuite" > > 
12:08:09.552 Api Request Received: messageType:GetStepValueRequest messageId:4 stepValueRequest:<stepText:"Execute <TestCase> <TestSuite>" > 
12:08:09.553 Sending API response: messageType:GetStepValueResponse messageId:4 stepValueResponse:<stepValue:<stepValue:"Execute {} {}" parameterizedStepValue:"Execute <TestCase> <TestSuite>" parameters:"TestCase" parameters:"TestSuite" > > 
12:11:33.801 Failed to start execution API Service. GAUGE_API_V2_PORT Environment variable not set 
12:11:33.802 Watching directory: C:\Users\osanda\IdeaProjects\MaxSoft-REST-API-Test-Automator-API_Test_Demo_V2\specs
12:11:33.802 Found 1 files
12:11:33.804 Initializing concepts cache with 0 concepts
12:11:33.804 Initializing specs cache with 1 specs
12:11:33.804 Adding specs from C:\Users\osanda\IdeaProjects\MaxSoft-REST-API-Test-Automator-API_Test_Demo_V2\specs\TestSpec.spec
12:11:33.804 Initializing steps cache with 1 steps
12:11:42.176 Api Request Received: messageType:GetStepValueRequest messageId:4 stepValueRequest:<stepText:"Execute <TestCase> <TestSuite>" > 
12:11:42.177 Sending API response: messageType:GetStepValueResponse messageId:4 stepValueResponse:<stepValue:<stepValue:"Execute {} {}" parameterizedStepValue:"Execute <TestCase> <TestSuite>" parameters:"TestCase" parameters:"TestSuite" > > 
12:13:04.270 Api Request Received: messageType:GetStepValueRequest messageId:4 stepValueRequest:<stepText:"Execute <TestCase> of <TestSuite>" > 
12:13:04.270 Sending API response: messageType:GetStepValueResponse messageId:4 stepValueResponse:<stepValue:<stepValue:"Execute {} of {}" parameterizedStepValue:"Execute <TestCase> of <TestSuite>" parameters:"TestCase" parameters:"TestSuite" > > 
12:13:27.950 Api Request Received: messageType:GetStepValueRequest messageId:4 stepValueRequest:<stepText:"Execute <TestCase> of <TestSuite>" > 
12:13:27.954 Sending API response: messageType:GetStepValueResponse messageId:4 stepValueResponse:<stepValue:<stepValue:"Execute {} of {}" parameterizedStepValue:"Execute <TestCase> of <TestSuite>" parameters:"TestCase" parameters:"TestSuite" > > 
12:13:27.970 Api Request Received: messageType:GetStepValueRequest messageId:4 stepValueRequest:<stepText:"Execute <TestCase> <TestSuite>" > 
12:13:27.970 Sending API response: messageType:GetStepValueResponse messageId:4 stepValueResponse:<stepValue:<stepValue:"Execute {} {}" parameterizedStepValue:"Execute <TestCase> <TestSuite>" parameters:"TestCase" parameters:"TestSuite" > > 
12:21:33.923 Api Request Received: messageType:GetStepValueRequest messageId:4 stepValueRequest:<stepText:"Execute <TestCase> of <TestSuite>" > 
12:21:33.924 Sending API response: messageType:GetStepValueResponse messageId:4 stepValueResponse:<stepValue:<stepValue:"Execute {} of {}" parameterizedStepValue:"Execute <TestCase> of <TestSuite>" parameters:"TestCase" parameters:"TestSuite" > > 
12:21:33.936 Api Request Received: messageType:GetStepValueRequest messageId:4 stepValueRequest:<stepText:"Execute <TestCase> <TestSuite>" > 
12:21:33.937 Sending API response: messageType:GetStepValueResponse messageId:4 stepValueResponse:<stepValue:<stepValue:"Execute {} {}" parameterizedStepValue:"Execute <TestCase> <TestSuite>" parameters:"TestCase" parameters:"TestSuite" > > 
12:25:35.589 Api Request Received: messageType:GetStepValueRequest messageId:4 stepValueRequest:<stepText:"Execute <TestCase> of <TestSuite>" > 
12:25:35.589 Sending API response: messageType:GetStepValueResponse messageId:4 stepValueResponse:<stepValue:<stepValue:"Execute {} of {}" parameterizedStepValue:"Execute <TestCase> of <TestSuite>" parameters:"TestCase" parameters:"TestSuite" > > 
12:25:35.603 Api Request Received: messageType:GetStepValueRequest messageId:4 stepValueRequest:<stepText:"Execute <TestCase> <TestSuite>" > 
12:25:35.604 Sending API response: messageType:GetStepValueResponse messageId:4 stepValueResponse:<stepValue:<stepValue:"Execute {} {}" parameterizedStepValue:"Execute <TestCase> <TestSuite>" parameters:"TestCase" parameters:"TestSuite" > > 
21:54:29.362 Failed to start execution API Service. GAUGE_API_V2_PORT Environment variable not set 
21:54:29.371 Watching directory: C:\Users\Osanda Deshan\IdeaProjects\MaxSoft-REST-API-Test-Automator-API_Test_Demo_V2\specs
21:54:29.371 Found 1 files
21:54:29.373 Initializing concepts cache with 0 concepts
21:54:29.388 Initializing specs cache with 1 specs
21:54:29.388 Adding specs from C:\Users\Osanda Deshan\IdeaProjects\MaxSoft-REST-API-Test-Automator-API_Test_Demo_V2\specs\TestSpec.spec
21:54:29.388 Initializing steps cache with 1 steps
21:54:52.981 Api Request Received: messageType:GetStepValueRequest messageId:4 stepValueRequest:<stepText:"Execute <TestCase> of <TestSuite>" > 
21:54:52.992 Sending API response: messageType:GetStepValueResponse messageId:4 stepValueResponse:<stepValue:<stepValue:"Execute {} of {}" parameterizedStepValue:"Execute <TestCase> of <TestSuite>" parameters:"TestCase" parameters:"TestSuite" > > 
21:54:53.011 Api Request Received: messageType:GetStepValueRequest messageId:4 stepValueRequest:<stepText:"Execute <TestCase> <TestSuite>" > 
21:54:53.011 Sending API response: messageType:GetStepValueResponse messageId:4 stepValueResponse:<stepValue:<stepValue:"Execute {} {}" parameterizedStepValue:"Execute <TestCase> <TestSuite>" parameters:"TestCase" parameters:"TestSuite" > > 
21:55:48.497 Api Request Received: messageType:GetStepValueResponse messageId:4 stepValueRequest:<stepText:"Execute <TestCase> <TestSuite>" > 
21:55:48.497 Sending API response: messageType:UnsupportedApiMessageResponse messageId:4 unsupportedApiMessageResponse:<> 
21:55:49.567 Api Request Received: messageType:GetStepValueResponse messageId:4 stepValueRequest:<stepText:"Execute <TestCase> <TestSuite>" > 
21:55:49.567 Sending API response: messageType:UnsupportedApiMessageResponse messageId:4 unsupportedApiMessageResponse:<> 
21:55:49.575 Api Request Received: messageType:GetStepValueResponse messageId:4 stepValueRequest:<stepText:"Execute <TestCase> <TestSuite>" > 
21:55:49.575 Sending API response: messageType:UnsupportedApiMessageResponse messageId:4 unsupportedApiMessageResponse:<> 
21:55:49.603 Api Request Received: messageType:GetStepValueResponse messageId:4 stepValueRequest:<stepText:"Execute <TestCase> <TestSuite>" > 
21:55:49.603 Sending API response: messageType:UnsupportedApiMessageResponse messageId:4 unsupportedApiMessageResponse:<> 
21:55:49.624 Api Request Received: messageType:GetStepValueResponse messageId:4 stepValueRequest:<stepText:"Execute <TestCase> <TestSuite>" > 
21:55:49.624 Sending API response: messageType:UnsupportedApiMessageResponse messageId:4 unsupportedApiMessageResponse:<> 
21:55:50.609 Api Request Received: messageType:GetStepValueResponse messageId:4 stepValueRequest:<stepText:"Execute <TestCase> <TestSuite>" > 
21:55:50.609 Sending API response: messageType:UnsupportedApiMessageResponse messageId:4 unsupportedApiMessageResponse:<> 
21:55:50.649 Api Request Received: messageType:GetStepValueResponse messageId:4 stepValueRequest:<stepText:"Execute <TestCase> <TestSuite>" > 
21:55:50.649 Sending API response: messageType:UnsupportedApiMessageResponse messageId:4 unsupportedApiMessageResponse:<> 
21:55:50.662 Api Request Received: messageType:GetStepValueResponse messageId:4 stepValueRequest:<stepText:"Execute <TestCase> <TestSuite>" > 
21:55:50.662 Sending API response: messageType:UnsupportedApiMessageResponse messageId:4 unsupportedApiMessageResponse:<> 
21:55:50.689 Api Request Received: messageType:GetStepValueResponse messageId:4 stepValueRequest:<stepText:"Execute <TestCase> <TestSuite>" > 
21:55:50.689 Sending API response: messageType:UnsupportedApiMessageResponse messageId:4 unsupportedApiMessageResponse:<> 
21:55:50.699 Api Request Received: messageType:GetStepValueResponse messageId:4 stepValueRequest:<stepText:"Execute <TestCase> <TestSuite>" > 
21:55:50.699 Sending API response: messageType:UnsupportedApiMessageResponse messageId:4 unsupportedApiMessageResponse:<> 
21:55:51.312 Api Request Received: messageType:GetStepValueResponse messageId:4 stepValueRequest:<stepText:"Execute <TestCase> <TestSuite>" > 
21:55:51.312 Sending API response: messageType:UnsupportedApiMessageResponse messageId:4 unsupportedApiMessageResponse:<> 
21:55:51.346 Api Request Received: messageType:GetStepValueResponse messageId:4 stepValueRequest:<stepText:"Execute <TestCase> <TestSuite>" > 
21:55:51.346 Sending API response: messageType:UnsupportedApiMessageResponse messageId:4 unsupportedApiMessageResponse:<> 
21:55:51.358 Api Request Received: messageType:GetStepValueResponse messageId:4 stepValueRequest:<stepText:"Execute <TestCase> <TestSuite>" > 
21:55:51.358 Sending API response: messageType:UnsupportedApiMessageResponse messageId:4 unsupportedApiMessageResponse:<> 
21:55:51.372 Api Request Received: messageType:GetStepValueResponse messageId:4 stepValueRequest:<stepText:"Execute <TestCase> <TestSuite>" > 
21:55:51.372 Sending API response: messageType:UnsupportedApiMessageResponse messageId:4 unsupportedApiMessageResponse:<> 
21:55:51.385 Api Request Received: messageType:GetStepValueResponse messageId:4 stepValueRequest:<stepText:"Execute <TestCase> <TestSuite>" > 
21:55:51.385 Sending API response: messageType:UnsupportedApiMessageResponse messageId:4 unsupportedApiMessageResponse:<> 
21:55:53.643 Api Request Received: messageType:GetStepValueResponse messageId:4 stepValueRequest:<stepText:"Execute <TestCase> <TestSuite>" > 
21:55:53.643 Sending API response: messageType:UnsupportedApiMessageResponse messageId:4 unsupportedApiMessageResponse:<> 
21:55:53.660 Api Request Received: messageType:GetStepValueResponse messageId:4 stepValueRequest:<stepText:"Execute <TestCase> <TestSuite>" > 
21:55:53.660 Sending API response: messageType:UnsupportedApiMessageResponse messageId:4 unsupportedApiMessageResponse:<> 
21:55:53.678 Api Request Received: messageType:GetStepValueResponse messageId:4 stepValueRequest:<stepText:"Execute <TestCase> <TestSuite>" > 
21:55:53.678 Sending API response: messageType:UnsupportedApiMessageResponse messageId:4 unsupportedApiMessageResponse:<> 
21:55:53.704 Api Request Received: messageType:GetStepValueResponse messageId:4 stepValueRequest:<stepText:"Execute <TestCase> <TestSuite>" > 
21:55:53.704 Sending API response: messageType:UnsupportedApiMessageResponse messageId:4 unsupportedApiMessageResponse:<> 
21:55:55.155 Api Request Received: messageType:GetStepValueResponse messageId:4 stepValueRequest:<stepText:"Execute <TestCase> <TestSuite>" > 
21:55:55.155 Sending API response: messageType:UnsupportedApiMessageResponse messageId:4 unsupportedApiMessageResponse:<> 
21:55:55.214 Api Request Received: messageType:GetStepValueResponse messageId:4 stepValueRequest:<stepText:"Execute <TestCase> <TestSuite>" > 
21:55:55.214 Sending API response: messageType:UnsupportedApiMessageResponse messageId:4 unsupportedApiMessageResponse:<> 
21:55:55.223 Api Request Received: messageType:GetStepValueResponse messageId:4 stepValueRequest:<stepText:"Execute <TestCase> <TestSuite>" > 
21:55:55.223 Sending API response: messageType:UnsupportedApiMessageResponse messageId:4 unsupportedApiMessageResponse:<> 
21:55:55.271 Api Request Received: messageType:GetStepValueResponse messageId:4 stepValueRequest:<stepText:"Execute <TestCase> <TestSuite>" > 
21:55:55.271 Sending API response: messageType:UnsupportedApiMessageResponse messageId:4 unsupportedApiMessageResponse:<> 
21:55:55.283 Api Request Received: messageType:GetStepValueResponse messageId:4 stepValueRequest:<stepText:"Execute <TestCase> <TestSuite>" > 
21:55:55.283 Sending API response: messageType:UnsupportedApiMessageResponse messageId:4 unsupportedApiMessageResponse:<> 
21:55:58.966 Api Request Received: messageType:GetStepValueResponse messageId:4 stepValueRequest:<stepText:"Execute <TestCase> <TestSuite>" > 
21:55:58.966 Sending API response: messageType:UnsupportedApiMessageResponse messageId:4 unsupportedApiMessageResponse:<> 
21:55:58.987 Api Request Received: messageType:GetStepValueResponse messageId:4 stepValueRequest:<stepText:"Execute <TestCase> <TestSuite>" > 
21:55:58.987 Sending API response: messageType:UnsupportedApiMessageResponse messageId:4 unsupportedApiMessageResponse:<> 
21:55:59.006 Api Request Received: messageType:GetStepValueResponse messageId:4 stepValueRequest:<stepText:"Execute <TestCase> <TestSuite>" > 
21:55:59.006 Sending API response: messageType:UnsupportedApiMessageResponse messageId:4 unsupportedApiMessageResponse:<> 
21:55:59.042 Api Request Received: messageType:GetStepValueResponse messageId:4 stepValueRequest:<stepText:"Execute <TestCase> <TestSuite>" > 
21:55:59.042 Sending API response: messageType:UnsupportedApiMessageResponse messageId:4 unsupportedApiMessageResponse:<> 
21:55:59.053 Api Request Received: messageType:GetStepValueResponse messageId:4 stepValueRequest:<stepText:"Execute <TestCase> <TestSuite>" > 
21:55:59.053 Sending API response: messageType:UnsupportedApiMessageResponse messageId:4 unsupportedApiMessageResponse:<> 
21:56:00.045 Api Request Received: messageType:GetStepValueResponse messageId:4 stepValueRequest:<stepText:"Execute <TestCase> <TestSuite>" > 
21:56:00.045 Sending API response: messageType:UnsupportedApiMessageResponse messageId:4 unsupportedApiMessageResponse:<> 
21:56:00.053 Api Request Received: messageType:GetStepValueResponse messageId:4 stepValueRequest:<stepText:"Execute <TestCase> <TestSuite>" > 
21:56:00.053 Sending API response: messageType:UnsupportedApiMessageResponse messageId:4 unsupportedApiMessageResponse:<> 
21:56:01.574 Api Request Received: messageType:GetStepValueResponse messageId:4 stepValueRequest:<stepText:"Execute <TestCase> <TestSuite>" > 
21:56:01.574 Sending API response: messageType:UnsupportedApiMessageResponse messageId:4 unsupportedApiMessageResponse:<> 
21:56:01.589 Api Request Received: messageType:GetStepValueResponse messageId:4 stepValueRequest:<stepText:"Execute <TestCase> <TestSuite>" > 
21:56:01.589 Sending API response: messageType:UnsupportedApiMessageResponse messageId:4 unsupportedApiMessageResponse:<> 
21:56:01.603 Api Request Received: messageType:GetStepValueResponse messageId:4 stepValueRequest:<stepText:"Execute <TestCase> <TestSuite>" > 
21:56:01.603 Sending API response: messageType:UnsupportedApiMessageResponse messageId:4 unsupportedApiMessageResponse:<> 
21:56:01.615 Api Request Received: messageType:GetStepValueResponse messageId:4 stepValueRequest:<stepText:"Execute <TestCase> <TestSuite>" > 
21:56:01.615 Sending API response: messageType:UnsupportedApiMessageResponse messageId:4 unsupportedApiMessageResponse:<> 
21:56:01.622 Api Request Received: messageType:GetStepValueResponse messageId:4 stepValueRequest:<stepText:"Execute <TestCase> <TestSuite>" > 
21:56:01.623 Sending API response: messageType:UnsupportedApiMessageResponse messageId:4 unsupportedApiMessageResponse:<> 
21:56:02.573 Api Request Received: messageType:GetStepValueResponse messageId:4 stepValueRequest:<stepText:"Execute <TestCase> <TestSuite>" > 
21:56:02.574 Sending API response: messageType:UnsupportedApiMessageResponse messageId:4 unsupportedApiMessageResponse:<> 
21:56:02.584 Api Request Received: messageType:GetStepValueResponse messageId:4 stepValueRequest:<stepText:"Execute <TestCase> <TestSuite>" > 
21:56:02.584 Sending API response: messageType:UnsupportedApiMessageResponse messageId:4 unsupportedApiMessageResponse:<> 
21:56:07.264 Api Request Received: messageType:GetStepValueResponse messageId:4 stepValueRequest:<stepText:"Execute <TestCase> <TestSuite>" > 
21:56:07.265 Sending API response: messageType:UnsupportedApiMessageResponse messageId:4 unsupportedApiMessageResponse:<> 
21:56:07.277 Api Request Received: messageType:GetStepValueResponse messageId:4 stepValueRequest:<stepText:"Execute <TestCase> <TestSuite>" > 
21:56:07.278 Sending API response: messageType:UnsupportedApiMessageResponse messageId:4 unsupportedApiMessageResponse:<> 
21:56:07.297 Api Request Received: messageType:GetStepValueResponse messageId:4 stepValueRequest:<stepText:"Execute <TestCase> <TestSuite>" > 
21:56:07.297 Sending API response: messageType:UnsupportedApiMessageResponse messageId:4 unsupportedApiMessageResponse:<> 
21:56:07.304 Api Request Received: messageType:GetStepValueResponse messageId:4 stepValueRequest:<stepText:"Execute <TestCase> <TestSuite>" > 
21:56:07.304 Sending API response: messageType:UnsupportedApiMessageResponse messageId:4 unsupportedApiMessageResponse:<> 
21:56:07.314 Api Request Received: messageType:GetStepValueResponse messageId:4 stepValueRequest:<stepText:"Execute <TestCase> <TestSuite>" > 
21:56:07.314 Sending API response: messageType:UnsupportedApiMessageResponse messageId:4 unsupportedApiMessageResponse:<> 
21:56:07.349 Api Request Received: messageType:GetStepValueResponse messageId:4 stepValueRequest:<stepText:"Execute <TestCase> <TestSuite>" > 
21:56:07.349 Sending API response: messageType:UnsupportedApiMessageResponse messageId:4 unsupportedApiMessageResponse:<> 
21:56:07.360 Api Request Received: messageType:GetStepValueResponse messageId:4 stepValueRequest:<stepText:"Execute <TestCase> <TestSuite>" > 
21:56:07.361 Sending API response: messageType:UnsupportedApiMessageResponse messageId:4 unsupportedApiMessageResponse:<> 
21:56:21.882 Api Request Received: messageType:GetStepValueResponse messageId:4 stepValueRequest:<stepText:"Execute <TestCase> <TestSuite>" > 
21:56:21.883 Sending API response: messageType:UnsupportedApiMessageResponse messageId:4 unsupportedApiMessageResponse:<> 
21:56:21.923 Api Request Received: messageType:GetStepValueResponse messageId:4 stepValueRequest:<stepText:"Execute <TestCase> <TestSuite>" > 
21:56:21.923 Sending API response: messageType:UnsupportedApiMessageResponse messageId:4 unsupportedApiMessageResponse:<> 
21:56:22.017 Api Request Received: messageType:GetStepValueResponse messageId:4 stepValueRequest:<stepText:"Execute <TestCase> <TestSuite>" > 
21:56:22.017 Sending API response: messageType:UnsupportedApiMessageResponse messageId:4 unsupportedApiMessageResponse:<> 
21:56:22.026 Api Request Received: messageType:GetStepValueResponse messageId:4 stepValueRequest:<stepText:"Execute <TestCase> of <TestSuite>" > 
21:56:22.026 Sending API response: messageType:UnsupportedApiMessageResponse messageId:4 unsupportedApiMessageResponse:<> 
21:56:22.034 Api Request Received: messageType:GetStepValueResponse messageId:4 stepValueRequest:<stepText:"Execute <TestCase> <TestSuite>" > 
21:56:22.034 Sending API response: messageType:UnsupportedApiMessageResponse messageId:4 unsupportedApiMessageResponse:<> 
21:56:25.007 Api Request Received: messageType:GetStepValueResponse messageId:4 stepValueRequest:<stepText:"Execute <TestCase> <TestSuite>" > 
21:56:25.007 Sending API response: messageType:UnsupportedApiMessageResponse messageId:4 unsupportedApiMessageResponse:<> 
21:56:31.212 Api Request Received: messageType:GetStepValueResponse messageId:4 stepValueRequest:<stepText:"Execute <TestCase> <TestSuite>" > 
21:56:31.215 Sending API response: messageType:UnsupportedApiMessageResponse messageId:4 unsupportedApiMessageResponse:<> 
21:56:31.275 Api Request Received: messageType:GetStepValueResponse messageId:4 stepValueRequest:<stepText:"Execute <TestCase> <TestSuite>" > 
21:56:31.275 Sending API response: messageType:UnsupportedApiMessageResponse messageId:4 unsupportedApiMessageResponse:<> 
21:56:31.410 Api Request Received: messageType:GetStepValueResponse messageId:4 stepValueRequest:<stepText:"Execute <TestCase> <TestSuite>" > 
21:56:31.410 Sending API response: messageType:UnsupportedApiMessageResponse messageId:4 unsupportedApiMessageResponse:<> 
21:56:31.523 Api Request Received: messageType:GetStepValueResponse messageId:4 stepValueRequest:<stepText:"Execute <TestCase> of <TestSuite>" > 
21:56:31.523 Sending API response: messageType:UnsupportedApiMessageResponse messageId:4 unsupportedApiMessageResponse:<> 
21:56:31.645 Api Request Received: messageType:GetStepValueResponse messageId:4 stepValueRequest:<stepText:"Execute <TestCase> <TestSuite>" > 
21:56:31.645 Sending API response: messageType:UnsupportedApiMessageResponse messageId:4 unsupportedApiMessageResponse:<> 
21:56:32.164 Api Request Received: messageType:GetStepValueResponse messageId:4 stepValueRequest:<stepText:"Execute <TestCase> <TestSuite>" > 
21:56:32.164 Sending API response: messageType:UnsupportedApiMessageResponse messageId:4 unsupportedApiMessageResponse:<> 
21:56:44.120 Api Request Received: messageType:GetStepValueRequest messageId:4 stepValueRequest:<stepText:"Execute <TestCase> of <TestSuite>" > 
21:56:44.141 Sending API response: messageType:GetStepValueResponse messageId:4 stepValueResponse:<stepValue:<stepValue:"Execute {} of {}" parameterizedStepValue:"Execute <TestCase> of <TestSuite>" parameters:"TestCase" parameters:"TestSuite" > > 
21:56:44.152 Api Request Received: messageType:GetStepValueRequest messageId:4 stepValueRequest:<stepText:"Execute <TestCase> <TestSuite>" > 
21:56:44.153 Sending API response: messageType:GetStepValueResponse messageId:4 stepValueResponse:<stepValue:<stepValue:"Execute {} {}" parameterizedStepValue:"Execute <TestCase> <TestSuite>" parameters:"TestCase" parameters:"TestSuite" > > 
21:57:05.361 Api Request Received: messageType:GetStepValueResponse messageId:4 stepValueRequest:<stepText:"Execute <TestCase> <TestSuite>" > 
21:57:05.366 Sending API response: messageType:UnsupportedApiMessageResponse messageId:4 unsupportedApiMessageResponse:<> 
21:57:05.383 Api Request Received: messageType:GetStepValueResponse messageId:4 stepValueRequest:<stepText:"Execute <TestCase> <TestSuite>" > 
21:57:05.384 Sending API response: messageType:UnsupportedApiMessageResponse messageId:4 unsupportedApiMessageResponse:<> 
21:57:05.408 Api Request Received: messageType:GetStepValueResponse messageId:4 stepValueRequest:<stepText:"Execute <TestCase> <TestSuite>" > 
21:57:05.409 Sending API response: messageType:UnsupportedApiMessageResponse messageId:4 unsupportedApiMessageResponse:<> 
21:57:05.421 Api Request Received: messageType:GetStepValueResponse messageId:4 stepValueRequest:<stepText:"Execute <TestCase> of <TestSuite>" > 
21:57:05.422 Sending API response: messageType:UnsupportedApiMessageResponse messageId:4 unsupportedApiMessageResponse:<> 
21:57:05.429 Api Request Received: messageType:GetStepValueResponse messageId:4 stepValueRequest:<stepText:"Execute <TestCase> <TestSuite>" > 
21:57:05.429 Sending API response: messageType:UnsupportedApiMessageResponse messageId:4 unsupportedApiMessageResponse:<> 
21:57:05.767 Api Request Received: messageType:GetStepValueResponse messageId:4 stepValueRequest:<stepText:"Execute <TestCase> <TestSuite>" > 
21:57:05.767 Sending API response: messageType:UnsupportedApiMessageResponse messageId:4 unsupportedApiMessageResponse:<> 
21:57:27.257 Api Request Received: messageType:GetStepValueResponse messageId:4 stepValueRequest:<stepText:"Execute <TestCase> <TestSuite>" > 
21:57:27.257 Sending API response: messageType:UnsupportedApiMessageResponse messageId:4 unsupportedApiMessageResponse:<> 
21:57:35.057 Api Request Received: messageType:GetStepValueResponse messageId:4 stepValueRequest:<stepText:"Execute <TestCase> <TestSuite>" > 
21:57:35.063 Sending API response: messageType:UnsupportedApiMessageResponse messageId:4 unsupportedApiMessageResponse:<> 
21:57:35.095 Api Request Received: messageType:GetStepValueResponse messageId:4 stepValueRequest:<stepText:"Execute <TestCase> <TestSuite>" > 
21:57:35.095 Sending API response: messageType:UnsupportedApiMessageResponse messageId:4 unsupportedApiMessageResponse:<> 
21:57:35.154 Api Request Received: messageType:GetStepValueResponse messageId:4 stepValueRequest:<stepText:"Execute <TestCase> <TestSuite>" > 
21:57:35.154 Sending API response: messageType:UnsupportedApiMessageResponse messageId:4 unsupportedApiMessageResponse:<> 
21:57:35.168 Api Request Received: messageType:GetStepValueResponse messageId:4 stepValueRequest:<stepText:"Execute <TestCase> of <TestSuite>" > 
21:57:35.168 Sending API response: messageType:UnsupportedApiMessageResponse messageId:4 unsupportedApiMessageResponse:<> 
21:57:35.182 Api Request Received: messageType:GetStepValueResponse messageId:4 stepValueRequest:<stepText:"Execute <TestCase> <TestSuite>" > 
21:57:35.182 Sending API response: messageType:UnsupportedApiMessageResponse messageId:4 unsupportedApiMessageResponse:<> 
21:57:35.570 Api Request Received: messageType:GetStepValueResponse messageId:4 stepValueRequest:<stepText:"Execute <TestCase> <TestSuite>" > 
21:57:35.570 Sending API response: messageType:UnsupportedApiMessageResponse messageId:4 unsupportedApiMessageResponse:<> 
14:37:04.134 Failed to start execution API Service. GAUGE_API_V2_PORT Environment variable not set 
14:37:04.174 Initializing concepts cache with 0 concepts
14:37:04.175 Watching directory: C:\Users\Osanda Deshan\IdeaProjects\MaxSoft-REST-API-Test-Automator-API_Test_Demo_V2\specs
14:37:04.175 Found 1 files
14:37:04.213 Initializing specs cache with 1 specs
14:37:04.214 Adding specs from C:\Users\Osanda Deshan\IdeaProjects\MaxSoft-REST-API-Test-Automator-API_Test_Demo_V2\specs\TestSpec.spec
14:37:04.225 Initializing steps cache with 1 steps
14:37:28.404 Api Request Received: messageType:GetStepValueRequest messageId:4 stepValueRequest:<stepText:"Execute <TestCase> <TestSuite>" > 
14:37:28.424 Sending API response: messageType:GetStepValueResponse messageId:4 stepValueResponse:<stepValue:<stepValue:"Execute {} {}" parameterizedStepValue:"Execute <TestCase> <TestSuite>" parameters:"TestCase" parameters:"TestSuite" > > 
14:37:58.706 Api Request Received: messageType:GetStepValueResponse messageId:4 stepValueRequest:<stepText:"Execute <TestCase> <TestSuite>" > 
14:37:58.727 Sending API response: messageType:UnsupportedApiMessageResponse messageId:4 unsupportedApiMessageResponse:<> 
14:37:59.343 Api Request Received: messageType:GetStepValueResponse messageId:4 stepValueRequest:<stepText:"Execute <TestCase> <TestSuite>" > 
14:37:59.343 Sending API response: messageType:UnsupportedApiMessageResponse messageId:4 unsupportedApiMessageResponse:<> 
14:38:00.300 Api Request Received: messageType:GetStepValueResponse messageId:4 stepValueRequest:<stepText:"Execute <TestCase> <TestSuite>" > 
14:38:00.300 Sending API response: messageType:UnsupportedApiMessageResponse messageId:4 unsupportedApiMessageResponse:<> 
14:38:00.322 Api Request Received: messageType:GetStepValueResponse messageId:4 stepValueRequest:<stepText:"Execute <TestCase> <TestSuite>" > 
14:38:00.322 Sending API response: messageType:UnsupportedApiMessageResponse messageId:4 unsupportedApiMessageResponse:<> 
14:38:02.185 Api Request Received: messageType:GetStepValueResponse messageId:4 stepValueRequest:<stepText:"Execute <TestCase> <TestSuite>" > 
14:38:02.185 Sending API response: messageType:UnsupportedApiMessageResponse messageId:4 unsupportedApiMessageResponse:<> 
14:38:02.205 Api Request Received: messageType:GetStepValueResponse messageId:4 stepValueRequest:<stepText:"Execute <TestCase> <TestSuite>" > 
14:38:02.205 Sending API response: messageType:UnsupportedApiMessageResponse messageId:4 unsupportedApiMessageResponse:<> 
14:38:02.250 Api Request Received: messageType:GetStepValueResponse messageId:4 stepValueRequest:<stepText:"Execute <TestCase> <TestSuite>" > 
14:38:02.250 Sending API response: messageType:UnsupportedApiMessageResponse messageId:4 unsupportedApiMessageResponse:<> 
14:38:02.482 Api Request Received: messageType:GetStepValueResponse messageId:4 stepValueRequest:<stepText:"Execute <TestCase> of <TestSuite>" > 
14:38:02.482 Sending API response: messageType:UnsupportedApiMessageResponse messageId:4 unsupportedApiMessageResponse:<> 
14:38:03.775 Api Request Received: messageType:GetStepValueResponse messageId:4 stepValueRequest:<stepText:"Execute <TestCase> <TestSuite>" > 
14:38:03.775 Sending API response: messageType:UnsupportedApiMessageResponse messageId:4 unsupportedApiMessageResponse:<> 
14:38:08.473 Api Request Received: messageType:GetStepValueResponse messageId:4 stepValueRequest:<stepText:"Execute <TestCase> <TestSuite>" > 
14:38:08.474 Sending API response: messageType:UnsupportedApiMessageResponse messageId:4 unsupportedApiMessageResponse:<> 
14:38:08.482 Api Request Received: messageType:GetStepValueResponse messageId:4 stepValueRequest:<stepText:"Execute <TestCase> <TestSuite>" > 
14:38:08.482 Sending API response: messageType:UnsupportedApiMessageResponse messageId:4 unsupportedApiMessageResponse:<> 
14:38:08.524 Api Request Received: messageType:GetStepValueResponse messageId:4 stepValueRequest:<stepText:"Execute <TestCase> <TestSuite>" > 
14:38:08.524 Sending API response: messageType:UnsupportedApiMessageResponse messageId:4 unsupportedApiMessageResponse:<> 
14:38:08.533 Api Request Received: messageType:GetStepValueResponse messageId:4 stepValueRequest:<stepText:"Execute <TestCase> of <TestSuite>" > 
14:38:08.534 Sending API response: messageType:UnsupportedApiMessageResponse messageId:4 unsupportedApiMessageResponse:<> 
14:38:08.563 Api Request Received: messageType:GetStepValueResponse messageId:4 stepValueRequest:<stepText:"Execute <TestCase> <TestSuite>" > 
14:38:08.564 Sending API response: messageType:UnsupportedApiMessageResponse messageId:4 unsupportedApiMessageResponse:<> 
14:38:26.236 Api Request Received: messageType:GetStepValueRequest messageId:4 stepValueRequest:<stepText:"Execute <TestCase> of <TestSuite>" > 
14:38:26.258 Sending API response: messageType:GetStepValueResponse messageId:4 stepValueResponse:<stepValue:<stepValue:"Execute {} of {}" parameterizedStepValue:"Execute <TestCase> of <TestSuite>" parameters:"TestCase" parameters:"TestSuite" > > 
14:38:26.274 Api Request Received: messageType:GetStepValueRequest messageId:4 stepValueRequest:<stepText:"Execute <TestCase> <TestSuite>" > 
14:38:26.274 Sending API response: messageType:GetStepValueResponse messageId:4 stepValueResponse:<stepValue:<stepValue:"Execute {} {}" parameterizedStepValue:"Execute <TestCase> <TestSuite>" parameters:"TestCase" parameters:"TestSuite" > > 
14:38:39.018 Api Request Received: messageType:GetStepValueResponse messageId:4 stepValueRequest:<stepText:"Execute <TestCase> <TestSuite>" > 
14:38:39.018 Sending API response: messageType:UnsupportedApiMessageResponse messageId:4 unsupportedApiMessageResponse:<> 
14:38:39.042 Api Request Received: messageType:GetStepValueResponse messageId:4 stepValueRequest:<stepText:"Execute <TestCase> <TestSuite>" > 
14:38:39.042 Sending API response: messageType:UnsupportedApiMessageResponse messageId:4 unsupportedApiMessageResponse:<> 
14:38:39.132 Api Request Received: messageType:GetStepValueResponse messageId:4 stepValueRequest:<stepText:"Execute <TestCase> <TestSuite>" > 
14:38:39.133 Sending API response: messageType:UnsupportedApiMessageResponse messageId:4 unsupportedApiMessageResponse:<> 
14:38:39.148 Api Request Received: messageType:GetStepValueResponse messageId:4 stepValueRequest:<stepText:"Execute <TestCase> of <TestSuite>" > 
14:38:39.148 Sending API response: messageType:UnsupportedApiMessageResponse messageId:4 unsupportedApiMessageResponse:<> 
14:38:39.158 Api Request Received: messageType:GetStepValueResponse messageId:4 stepValueRequest:<stepText:"Execute <TestCase> <TestSuite>" > 
14:38:39.158 Sending API response: messageType:UnsupportedApiMessageResponse messageId:4 unsupportedApiMessageResponse:<> 
14:38:43.076 Api Request Received: messageType:GetStepValueResponse messageId:4 stepValueRequest:<stepText:"Execute <TestCase> <TestSuite>" > 
14:38:43.076 Sending API response: messageType:UnsupportedApiMessageResponse messageId:4 unsupportedApiMessageResponse:<> 
14:38:43.117 Api Request Received: messageType:GetStepValueResponse messageId:4 stepValueRequest:<stepText:"Execute <TestCase> <TestSuite>" > 
14:38:43.118 Sending API response: messageType:UnsupportedApiMessageResponse messageId:4 unsupportedApiMessageResponse:<> 
14:38:43.141 Api Request Received: messageType:GetStepValueResponse messageId:4 stepValueRequest:<stepText:"Execute <TestCase> <TestSuite>" > 
14:38:43.141 Sending API response: messageType:UnsupportedApiMessageResponse messageId:4 unsupportedApiMessageResponse:<> 
14:38:43.152 Api Request Received: messageType:GetStepValueResponse messageId:4 stepValueRequest:<stepText:"Execute <TestCase> of <TestSuite>" > 
14:38:43.152 Sending API response: messageType:UnsupportedApiMessageResponse messageId:4 unsupportedApiMessageResponse:<> 
14:38:43.162 Api Request Received: messageType:GetStepValueResponse messageId:4 stepValueRequest:<stepText:"Execute <TestCase> <TestSuite>" > 
14:38:43.162 Sending API response: messageType:UnsupportedApiMessageResponse messageId:4 unsupportedApiMessageResponse:<> 
14:38:44.133 Api Request Received: messageType:GetStepValueResponse messageId:4 stepValueRequest:<stepText:"Execute <TestCase> <TestSuite>" > 
14:38:44.133 Sending API response: messageType:UnsupportedApiMessageResponse messageId:4 unsupportedApiMessageResponse:<> 
14:38:44.151 Api Request Received: messageType:GetStepValueResponse messageId:4 stepValueRequest:<stepText:"Execute <TestCase> <TestSuite>" > 
14:38:44.152 Sending API response: messageType:UnsupportedApiMessageResponse messageId:4 unsupportedApiMessageResponse:<> 
14:38:44.296 Api Request Received: messageType:GetStepValueResponse messageId:4 stepValueRequest:<stepText:"Execute <TestCase> <TestSuite>" > 
14:38:44.296 Sending API response: messageType:UnsupportedApiMessageResponse messageId:4 unsupportedApiMessageResponse:<> 
14:38:44.308 Api Request Received: messageType:GetStepValueResponse messageId:4 stepValueRequest:<stepText:"Execute <TestCase> of <TestSuite>" > 
14:38:44.308 Sending API response: messageType:UnsupportedApiMessageResponse messageId:4 unsupportedApiMessageResponse:<> 
14:38:44.343 Api Request Received: messageType:GetStepValueResponse messageId:4 stepValueRequest:<stepText:"Execute <TestCase> <TestSuite>" > 
14:38:44.343 Sending API response: messageType:UnsupportedApiMessageResponse messageId:4 unsupportedApiMessageResponse:<> 
14:38:57.755 Api Request Received: messageType:GetStepValueRequest messageId:4 stepValueRequest:<stepText:"Execute <TestCase> of <TestSuite>" > 
14:38:57.756 Sending API response: messageType:GetStepValueResponse messageId:4 stepValueResponse:<stepValue:<stepValue:"Execute {} of {}" parameterizedStepValue:"Execute <TestCase> of <TestSuite>" parameters:"TestCase" parameters:"TestSuite" > > 
14:38:57.768 Api Request Received: messageType:GetStepValueRequest messageId:4 stepValueRequest:<stepText:"Execute <TestCase> <TestSuite>" > 
14:38:57.769 Sending API response: messageType:GetStepValueResponse messageId:4 stepValueResponse:<stepValue:<stepValue:"Execute {} {}" parameterizedStepValue:"Execute <TestCase> <TestSuite>" parameters:"TestCase" parameters:"TestSuite" > > 
14:39:08.338 Api Request Received: messageType:GetStepValueResponse messageId:4 stepValueRequest:<stepText:"Execute <TestCase> <TestSuite>" > 
14:39:08.338 Sending API response: messageType:UnsupportedApiMessageResponse messageId:4 unsupportedApiMessageResponse:<> 
14:39:08.369 Api Request Received: messageType:GetStepValueResponse messageId:4 stepValueRequest:<stepText:"Execute <TestCase> <TestSuite>" > 
14:39:08.370 Sending API response: messageType:UnsupportedApiMessageResponse messageId:4 unsupportedApiMessageResponse:<> 
14:39:08.385 Api Request Received: messageType:GetStepValueResponse messageId:4 stepValueRequest:<stepText:"Execute <TestCase> <TestSuite>" > 
14:39:08.385 Sending API response: messageType:UnsupportedApiMessageResponse messageId:4 unsupportedApiMessageResponse:<> 
14:39:08.394 Api Request Received: messageType:GetStepValueResponse messageId:4 stepValueRequest:<stepText:"Execute <TestCase> of <TestSuite>" > 
14:39:08.394 Sending API response: messageType:UnsupportedApiMessageResponse messageId:4 unsupportedApiMessageResponse:<> 
14:39:08.402 Api Request Received: messageType:GetStepValueResponse messageId:4 stepValueRequest:<stepText:"Execute <TestCase> <TestSuite>" > 
14:39:08.402 Sending API response: messageType:UnsupportedApiMessageResponse messageId:4 unsupportedApiMessageResponse:<> 
14:40:06.206 Api Request Received: messageType:GetStepValueResponse messageId:4 stepValueRequest:<stepText:"Execute <TestCase> <TestSuite>" > 
14:40:06.206 Sending API response: messageType:UnsupportedApiMessageResponse messageId:4 unsupportedApiMessageResponse:<> 
14:40:06.265 Api Request Received: messageType:GetStepValueResponse messageId:4 stepValueRequest:<stepText:"Execute <TestCase> <TestSuite>" > 
14:40:06.265 Sending API response: messageType:UnsupportedApiMessageResponse messageId:4 unsupportedApiMessageResponse:<> 
14:40:06.346 Api Request Received: messageType:GetStepValueResponse messageId:4 stepValueRequest:<stepText:"Execute <TestCase> <TestSuite>" > 
14:40:06.346 Sending API response: messageType:UnsupportedApiMessageResponse messageId:4 unsupportedApiMessageResponse:<> 
14:40:06.359 Api Request Received: messageType:GetStepValueResponse messageId:4 stepValueRequest:<stepText:"Execute <TestCase> of <TestSuite>" > 
14:40:06.359 Sending API response: messageType:UnsupportedApiMessageResponse messageId:4 unsupportedApiMessageResponse:<> 
14:40:06.370 Api Request Received: messageType:GetStepValueResponse messageId:4 stepValueRequest:<stepText:"Execute <TestCase> <TestSuite>" > 
14:40:06.370 Sending API response: messageType:UnsupportedApiMessageResponse messageId:4 unsupportedApiMessageResponse:<> 
14:40:28.128 Api Request Received: messageType:GetStepValueRequest messageId:4 stepValueRequest:<stepText:"Execute <TestCase> of <TestSuite>" > 
14:40:28.128 Sending API response: messageType:GetStepValueResponse messageId:4 stepValueResponse:<stepValue:<stepValue:"Execute {} of {}" parameterizedStepValue:"Execute <TestCase> of <TestSuite>" parameters:"TestCase" parameters:"TestSuite" > > 
14:40:28.140 Api Request Received: messageType:GetStepValueRequest messageId:4 stepValueRequest:<stepText:"Execute <TestCase> <TestSuite>" > 
14:40:28.141 Sending API response: messageType:GetStepValueResponse messageId:4 stepValueResponse:<stepValue:<stepValue:"Execute {} {}" parameterizedStepValue:"Execute <TestCase> <TestSuite>" parameters:"TestCase" parameters:"TestSuite" > > 
14:40:38.787 Api Request Received: messageType:GetStepValueResponse messageId:4 stepValueRequest:<stepText:"Execute <TestCase> <TestSuite>" > 
14:40:38.787 Sending API response: messageType:UnsupportedApiMessageResponse messageId:4 unsupportedApiMessageResponse:<> 
14:40:38.798 Api Request Received: messageType:GetStepValueResponse messageId:4 stepValueRequest:<stepText:"Execute <TestCase> <TestSuite>" > 
14:40:38.798 Sending API response: messageType:UnsupportedApiMessageResponse messageId:4 unsupportedApiMessageResponse:<> 
14:40:38.843 Api Request Received: messageType:GetStepValueResponse messageId:4 stepValueRequest:<stepText:"Execute <TestCase> <TestSuite>" > 
14:40:38.843 Sending API response: messageType:UnsupportedApiMessageResponse messageId:4 unsupportedApiMessageResponse:<> 
14:40:38.853 Api Request Received: messageType:GetStepValueResponse messageId:4 stepValueRequest:<stepText:"Execute <TestCase> of <TestSuite>" > 
14:40:38.853 Sending API response: messageType:UnsupportedApiMessageResponse messageId:4 unsupportedApiMessageResponse:<> 
14:40:38.864 Api Request Received: messageType:GetStepValueResponse messageId:4 stepValueRequest:<stepText:"Execute <TestCase> <TestSuite>" > 
14:40:38.864 Sending API response: messageType:UnsupportedApiMessageResponse messageId:4 unsupportedApiMessageResponse:<> 
14:59:01.122 Api Request Received: messageType:GetStepValueResponse messageId:4 stepValueRequest:<stepText:"Execute <TestCase> <TestSuite>" > 
14:59:01.123 Sending API response: messageType:UnsupportedApiMessageResponse messageId:4 unsupportedApiMessageResponse:<> 
14:59:01.137 Api Request Received: messageType:GetStepValueResponse messageId:4 stepValueRequest:<stepText:"Execute <TestCase> <TestSuite>" > 
14:59:01.137 Sending API response: messageType:UnsupportedApiMessageResponse messageId:4 unsupportedApiMessageResponse:<> 
14:59:01.157 Api Request Received: messageType:GetStepValueResponse messageId:4 stepValueRequest:<stepText:"Execute <TestCase> <TestSuite>" > 
14:59:01.157 Sending API response: messageType:UnsupportedApiMessageResponse messageId:4 unsupportedApiMessageResponse:<> 
14:59:01.169 Api Request Received: messageType:GetStepValueResponse messageId:4 stepValueRequest:<stepText:"Execute <TestCase> of <TestSuite>" > 
14:59:01.169 Sending API response: messageType:UnsupportedApiMessageResponse messageId:4 unsupportedApiMessageResponse:<> 
14:59:01.186 Api Request Received: messageType:GetStepValueResponse messageId:4 stepValueRequest:<stepText:"Execute <TestCase> <TestSuite>" > 
14:59:01.187 Sending API response: messageType:UnsupportedApiMessageResponse messageId:4 unsupportedApiMessageResponse:<> 
14:59:15.765 Api Request Received: messageType:GetStepValueRequest messageId:4 stepValueRequest:<stepText:"Execute <TestCase> of <TestSuite>" > 
14:59:15.766 Sending API response: messageType:GetStepValueResponse messageId:4 stepValueResponse:<stepValue:<stepValue:"Execute {} of {}" parameterizedStepValue:"Execute <TestCase> of <TestSuite>" parameters:"TestCase" parameters:"TestSuite" > > 
14:59:15.779 Api Request Received: messageType:GetStepValueRequest messageId:4 stepValueRequest:<stepText:"Execute <TestCase> <TestSuite>" > 
14:59:15.779 Sending API response: messageType:GetStepValueResponse messageId:4 stepValueResponse:<stepValue:<stepValue:"Execute {} {}" parameterizedStepValue:"Execute <TestCase> <TestSuite>" parameters:"TestCase" parameters:"TestSuite" > > 
14:59:26.988 Api Request Received: messageType:GetStepValueResponse messageId:4 stepValueRequest:<stepText:"Execute <TestCase> <TestSuite>" > 
14:59:26.988 Sending API response: messageType:UnsupportedApiMessageResponse messageId:4 unsupportedApiMessageResponse:<> 
14:59:26.998 Api Request Received: messageType:GetStepValueResponse messageId:4 stepValueRequest:<stepText:"Execute <TestCase> <TestSuite>" > 
14:59:26.998 Sending API response: messageType:UnsupportedApiMessageResponse messageId:4 unsupportedApiMessageResponse:<> 
14:59:27.013 Api Request Received: messageType:GetStepValueResponse messageId:4 stepValueRequest:<stepText:"Execute <TestCase> <TestSuite>" > 
14:59:27.013 Sending API response: messageType:UnsupportedApiMessageResponse messageId:4 unsupportedApiMessageResponse:<> 
14:59:27.022 Api Request Received: messageType:GetStepValueResponse messageId:4 stepValueRequest:<stepText:"Execute <TestCase> of <TestSuite>" > 
14:59:27.022 Sending API response: messageType:UnsupportedApiMessageResponse messageId:4 unsupportedApiMessageResponse:<> 
14:59:27.029 Api Request Received: messageType:GetStepValueResponse messageId:4 stepValueRequest:<stepText:"Execute <TestCase> <TestSuite>" > 
14:59:27.029 Sending API response: messageType:UnsupportedApiMessageResponse messageId:4 unsupportedApiMessageResponse:<> 
15:00:22.044 Api Request Received: messageType:GetStepValueResponse messageId:4 stepValueRequest:<stepText:"Execute <TestCase> <TestSuite>" > 
15:00:22.045 Sending API response: messageType:UnsupportedApiMessageResponse messageId:4 unsupportedApiMessageResponse:<> 
15:00:22.069 Api Request Received: messageType:GetStepValueResponse messageId:4 stepValueRequest:<stepText:"Execute <TestCase> <TestSuite>" > 
15:00:22.069 Sending API response: messageType:UnsupportedApiMessageResponse messageId:4 unsupportedApiMessageResponse:<> 
15:00:22.080 Api Request Received: messageType:GetStepValueResponse messageId:4 stepValueRequest:<stepText:"Execute <TestCase> of <TestSuite>" > 
15:00:22.080 Sending API response: messageType:UnsupportedApiMessageResponse messageId:4 unsupportedApiMessageResponse:<> 
15:00:22.095 Api Request Received: messageType:GetStepValueResponse messageId:4 stepValueRequest:<stepText:"Execute <TestCase> <TestSuite>" > 
15:00:22.095 Sending API response: messageType:UnsupportedApiMessageResponse messageId:4 unsupportedApiMessageResponse:<> 
15:00:22.132 Api Request Received: messageType:GetStepValueResponse messageId:4 stepValueRequest:<stepText:"Execute <TestCase> <TestSuite>" > 
15:00:22.132 Sending API response: messageType:UnsupportedApiMessageResponse messageId:4 unsupportedApiMessageResponse:<> 
15:00:22.140 Api Request Received: messageType:GetStepValueResponse messageId:4 stepValueRequest:<stepText:"Execute <TestCase> <TestSuite>" > 
15:00:22.140 Sending API response: messageType:UnsupportedApiMessageResponse messageId:4 unsupportedApiMessageResponse:<> 
15:00:22.148 Api Request Received: messageType:GetStepValueResponse messageId:4 stepValueRequest:<stepText:"Execute <TestCase> <TestSuite>" > 
15:00:22.148 Sending API response: messageType:UnsupportedApiMessageResponse messageId:4 unsupportedApiMessageResponse:<> 
15:00:22.154 Api Request Received: messageType:GetStepValueResponse messageId:4 stepValueRequest:<stepText:"Execute <TestCase> <TestSuite>" > 
15:00:22.154 Sending API response: messageType:UnsupportedApiMessageResponse messageId:4 unsupportedApiMessageResponse:<> 
15:00:22.164 Api Request Received: messageType:GetStepValueResponse messageId:4 stepValueRequest:<stepText:"Execute <TestCase> of <TestSuite>" > 
15:00:22.164 Sending API response: messageType:UnsupportedApiMessageResponse messageId:4 unsupportedApiMessageResponse:<> 
15:00:22.171 Api Request Received: messageType:GetStepValueResponse messageId:4 stepValueRequest:<stepText:"Execute <TestCase> <TestSuite>" > 
15:00:22.171 Sending API response: messageType:UnsupportedApiMessageResponse messageId:4 unsupportedApiMessageResponse:<> 
15:00:22.318 Api Request Received: messageType:GetStepValueResponse messageId:4 stepValueRequest:<stepText:"Execute <TestCase> <TestSuite>" > 
15:00:22.319 Sending API response: messageType:UnsupportedApiMessageResponse messageId:4 unsupportedApiMessageResponse:<> 
15:00:22.326 Api Request Received: messageType:GetStepValueResponse messageId:4 stepValueRequest:<stepText:"Execute <TestCase> <TestSuite>" > 
15:00:22.326 Sending API response: messageType:UnsupportedApiMessageResponse messageId:4 unsupportedApiMessageResponse:<> 
15:00:22.332 Api Request Received: messageType:GetStepValueResponse messageId:4 stepValueRequest:<stepText:"Execute <TestCase> of <TestSuite>" > 
15:00:22.332 Sending API response: messageType:UnsupportedApiMessageResponse messageId:4 unsupportedApiMessageResponse:<> 
15:00:22.337 Api Request Received: messageType:GetStepValueResponse messageId:4 stepValueRequest:<stepText:"Execute <TestCase> <TestSuite>" > 
15:00:22.337 Sending API response: messageType:UnsupportedApiMessageResponse messageId:4 unsupportedApiMessageResponse:<> 
15:00:22.361 Api Request Received: messageType:GetStepValueResponse messageId:4 stepValueRequest:<stepText:"Execute <TestCase> <TestSuite>" > 
15:00:22.361 Sending API response: messageType:UnsupportedApiMessageResponse messageId:4 unsupportedApiMessageResponse:<> 
15:00:22.367 Api Request Received: messageType:GetStepValueResponse messageId:4 stepValueRequest:<stepText:"Execute <TestCase> <TestSuite>" > 
15:00:22.368 Sending API response: messageType:UnsupportedApiMessageResponse messageId:4 unsupportedApiMessageResponse:<> 
15:00:22.373 Api Request Received: messageType:GetStepValueResponse messageId:4 stepValueRequest:<stepText:"Execute <TestCase> of <TestSuite>" > 
15:00:22.373 Sending API response: messageType:UnsupportedApiMessageResponse messageId:4 unsupportedApiMessageResponse:<> 
15:00:22.378 Api Request Received: messageType:GetStepValueResponse messageId:4 stepValueRequest:<stepText:"Execute <TestCase> <TestSuite>" > 
15:00:22.379 Sending API response: messageType:UnsupportedApiMessageResponse messageId:4 unsupportedApiMessageResponse:<> 
15:00:22.399 Api Request Received: messageType:GetStepValueResponse messageId:4 stepValueRequest:<stepText:"Execute <TestCase> <TestSuite>" > 
15:00:22.399 Sending API response: messageType:UnsupportedApiMessageResponse messageId:4 unsupportedApiMessageResponse:<> 
15:00:22.405 Api Request Received: messageType:GetStepValueResponse messageId:4 stepValueRequest:<stepText:"Execute <TestCase> <TestSuite>" > 
15:00:22.405 Sending API response: messageType:UnsupportedApiMessageResponse messageId:4 unsupportedApiMessageResponse:<> 
15:00:22.408 Api Request Received: messageType:GetStepValueResponse messageId:4 stepValueRequest:<stepText:"Execute <TestCase> <TestSuite>" > 
15:00:22.408 Sending API response: messageType:UnsupportedApiMessageResponse messageId:4 unsupportedApiMessageResponse:<> 
15:00:22.417 Api Request Received: messageType:GetStepValueResponse messageId:4 stepValueRequest:<stepText:"Execute <TestCase> <TestSuite>" > 
15:00:22.417 Sending API response: messageType:UnsupportedApiMessageResponse messageId:4 unsupportedApiMessageResponse:<> 
15:00:22.425 Api Request Received: messageType:GetStepValueResponse messageId:4 stepValueRequest:<stepText:"Execute <TestCase> <TestSuite>" > 
15:00:22.425 Sending API response: messageType:UnsupportedApiMessageResponse messageId:4 unsupportedApiMessageResponse:<> 
15:00:22.431 Api Request Received: messageType:GetStepValueResponse messageId:4 stepValueRequest:<stepText:"Execute <TestCase> <TestSuite>" > 
15:00:22.431 Sending API response: messageType:UnsupportedApiMessageResponse messageId:4 unsupportedApiMessageResponse:<> 
15:00:22.438 Api Request Received: messageType:GetStepValueResponse messageId:4 stepValueRequest:<stepText:"Execute <TestCase> of <TestSuite>" > 
15:00:22.438 Sending API response: messageType:UnsupportedApiMessageResponse messageId:4 unsupportedApiMessageResponse:<> 
15:00:22.440 Api Request Received: messageType:GetStepValueResponse messageId:4 stepValueRequest:<stepText:"Execute <TestCase> <TestSuite>" > 
15:00:22.440 Sending API response: messageType:UnsupportedApiMessageResponse messageId:4 unsupportedApiMessageResponse:<> 
15:00:22.450 Api Request Received: messageType:GetStepValueResponse messageId:4 stepValueRequest:<stepText:"Execute <TestCase> <TestSuite>" > 
15:00:22.450 Sending API response: messageType:UnsupportedApiMessageResponse messageId:4 unsupportedApiMessageResponse:<> 
15:00:22.454 Api Request Received: messageType:GetStepValueResponse messageId:4 stepValueRequest:<stepText:"Execute <TestCase> <TestSuite>" > 
15:00:22.454 Sending API response: messageType:UnsupportedApiMessageResponse messageId:4 unsupportedApiMessageResponse:<> 
15:00:22.464 Api Request Received: messageType:GetStepValueResponse messageId:4 stepValueRequest:<stepText:"Execute <TestCase> <TestSuite>" > 
15:00:22.464 Sending API response: messageType:UnsupportedApiMessageResponse messageId:4 unsupportedApiMessageResponse:<> 
15:00:22.473 Api Request Received: messageType:GetStepValueResponse messageId:4 stepValueRequest:<stepText:"Execute <TestCase> of <TestSuite>" > 
15:00:22.473 Sending API response: messageType:UnsupportedApiMessageResponse messageId:4 unsupportedApiMessageResponse:<> 
15:00:22.480 Api Request Received: messageType:GetStepValueResponse messageId:4 stepValueRequest:<stepText:"Execute <TestCase> <TestSuite>" > 
15:00:22.480 Sending API response: messageType:UnsupportedApiMessageResponse messageId:4 unsupportedApiMessageResponse:<> 
15:00:22.485 Api Request Received: messageType:GetStepValueResponse messageId:4 stepValueRequest:<stepText:"Execute <TestCase> <TestSuite>" > 
15:00:22.485 Sending API response: messageType:UnsupportedApiMessageResponse messageId:4 unsupportedApiMessageResponse:<> 
15:00:22.492 Api Request Received: messageType:GetStepValueResponse messageId:4 stepValueRequest:<stepText:"Execute <TestCase> <TestSuite>" > 
15:00:22.492 Sending API response: messageType:UnsupportedApiMessageResponse messageId:4 unsupportedApiMessageResponse:<> 
15:00:22.498 Api Request Received: messageType:GetStepValueResponse messageId:4 stepValueRequest:<stepText:"Execute <TestCase> of <TestSuite>" > 
15:00:22.498 Sending API response: messageType:UnsupportedApiMessageResponse messageId:4 unsupportedApiMessageResponse:<> 
15:00:22.503 Api Request Received: messageType:GetStepValueResponse messageId:4 stepValueRequest:<stepText:"Execute <TestCase> <TestSuite>" > 
15:00:22.503 Sending API response: messageType:UnsupportedApiMessageResponse messageId:4 unsupportedApiMessageResponse:<> 
15:00:22.507 Api Request Received: messageType:GetStepValueResponse messageId:4 stepValueRequest:<stepText:"Execute <TestCase> <TestSuite>" > 
15:00:22.507 Sending API response: messageType:UnsupportedApiMessageResponse messageId:4 unsupportedApiMessageResponse:<> 
15:00:22.514 Api Request Received: messageType:GetStepValueResponse messageId:4 stepValueRequest:<stepText:"Execute <TestCase> <TestSuite>" > 
15:00:22.514 Sending API response: messageType:UnsupportedApiMessageResponse messageId:4 unsupportedApiMessageResponse:<> 
15:00:22.519 Api Request Received: messageType:GetStepValueResponse messageId:4 stepValueRequest:<stepText:"Execute <TestCase> of <TestSuite>" > 
15:00:22.519 Sending API response: messageType:UnsupportedApiMessageResponse messageId:4 unsupportedApiMessageResponse:<> 
15:00:22.524 Api Request Received: messageType:GetStepValueResponse messageId:4 stepValueRequest:<stepText:"Execute <TestCase> <TestSuite>" > 
15:00:22.524 Sending API response: messageType:UnsupportedApiMessageResponse messageId:4 unsupportedApiMessageResponse:<> 
15:00:22.537 Api Request Received: messageType:GetStepValueResponse messageId:4 stepValueRequest:<stepText:"Execute <TestCase> <TestSuite>" > 
15:00:22.537 Sending API response: messageType:UnsupportedApiMessageResponse messageId:4 unsupportedApiMessageResponse:<> 
15:00:22.543 Api Request Received: messageType:GetStepValueResponse messageId:4 stepValueRequest:<stepText:"Execute <TestCase> <TestSuite>" > 
15:00:22.543 Sending API response: messageType:UnsupportedApiMessageResponse messageId:4 unsupportedApiMessageResponse:<> 
15:00:22.549 Api Request Received: messageType:GetStepValueResponse messageId:4 stepValueRequest:<stepText:"Execute <TestCase> of <TestSuite>" > 
15:00:22.549 Sending API response: messageType:UnsupportedApiMessageResponse messageId:4 unsupportedApiMessageResponse:<> 
15:00:22.553 Api Request Received: messageType:GetStepValueResponse messageId:4 stepValueRequest:<stepText:"Execute <TestCase> <TestSuite>" > 
15:00:22.553 Sending API response: messageType:UnsupportedApiMessageResponse messageId:4 unsupportedApiMessageResponse:<> 
15:00:22.560 Api Request Received: messageType:GetStepValueResponse messageId:4 stepValueRequest:<stepText:"Execute <TestCase> <TestSuite>" > 
15:00:22.560 Sending API response: messageType:UnsupportedApiMessageResponse messageId:4 unsupportedApiMessageResponse:<> 
15:00:22.566 Api Request Received: messageType:GetStepValueResponse messageId:4 stepValueRequest:<stepText:"Execute <TestCase> of <TestSuite>" > 
15:00:22.566 Sending API response: messageType:UnsupportedApiMessageResponse messageId:4 unsupportedApiMessageResponse:<> 
15:00:22.573 Api Request Received: messageType:GetStepValueResponse messageId:4 stepValueRequest:<stepText:"Execute <TestCase> <TestSuite>" > 
15:00:22.573 Sending API response: messageType:UnsupportedApiMessageResponse messageId:4 unsupportedApiMessageResponse:<> 
15:00:22.583 Api Request Received: messageType:GetStepValueResponse messageId:4 stepValueRequest:<stepText:"Execute <TestCase> <TestSuite>" > 
15:00:22.583 Sending API response: messageType:UnsupportedApiMessageResponse messageId:4 unsupportedApiMessageResponse:<> 
15:00:22.589 Api Request Received: messageType:GetStepValueResponse messageId:4 stepValueRequest:<stepText:"Execute <TestCase> <TestSuite>" > 
15:00:22.589 Sending API response: messageType:UnsupportedApiMessageResponse messageId:4 unsupportedApiMessageResponse:<> 
15:00:22.596 Api Request Received: messageType:GetStepValueResponse messageId:4 stepValueRequest:<stepText:"Execute <TestCase> of <TestSuite>" > 
15:00:22.596 Sending API response: messageType:UnsupportedApiMessageResponse messageId:4 unsupportedApiMessageResponse:<> 
15:00:22.601 Api Request Received: messageType:GetStepValueResponse messageId:4 stepValueRequest:<stepText:"Execute <TestCase> <TestSuite>" > 
15:00:22.601 Sending API response: messageType:UnsupportedApiMessageResponse messageId:4 unsupportedApiMessageResponse:<> 
15:00:36.270 Api Request Received: messageType:GetStepValueResponse messageId:4 stepValueRequest:<stepText:"Execute <TestCase> <TestSuite>" > 
15:00:36.270 Sending API response: messageType:UnsupportedApiMessageResponse messageId:4 unsupportedApiMessageResponse:<> 
15:00:36.623 Api Request Received: messageType:GetStepValueResponse messageId:4 stepValueRequest:<stepText:"Execute <TestCase> <TestSuite>" > 
15:00:36.623 Sending API response: messageType:UnsupportedApiMessageResponse messageId:4 unsupportedApiMessageResponse:<> 
15:00:36.629 Api Request Received: messageType:GetStepValueResponse messageId:4 stepValueRequest:<stepText:"Execute <TestCase> <TestSuite>" > 
15:00:36.629 Sending API response: messageType:UnsupportedApiMessageResponse messageId:4 unsupportedApiMessageResponse:<> 
15:00:36.729 Api Request Received: messageType:GetStepValueResponse messageId:4 stepValueRequest:<stepText:"Execute <TestCase> <TestSuite>" > 
15:00:36.729 Sending API response: messageType:UnsupportedApiMessageResponse messageId:4 unsupportedApiMessageResponse:<> 
15:00:36.736 Api Request Received: messageType:GetStepValueResponse messageId:4 stepValueRequest:<stepText:"Execute <TestCase> <TestSuite>" > 
15:00:36.736 Sending API response: messageType:UnsupportedApiMessageResponse messageId:4 unsupportedApiMessageResponse:<> 
15:00:37.391 Api Request Received: messageType:GetStepValueResponse messageId:4 stepValueRequest:<stepText:"Execute <TestCase> <TestSuite>" > 
15:00:37.391 Sending API response: messageType:UnsupportedApiMessageResponse messageId:4 unsupportedApiMessageResponse:<> 
15:00:37.400 Api Request Received: messageType:GetStepValueResponse messageId:4 stepValueRequest:<stepText:"Execute <TestCase> <TestSuite>" > 
15:00:37.400 Sending API response: messageType:UnsupportedApiMessageResponse messageId:4 unsupportedApiMessageResponse:<> 
15:00:37.909 Api Request Received: messageType:GetStepValueResponse messageId:4 stepValueRequest:<stepText:"Execute <TestCase> <TestSuite>" > 
15:00:37.909 Sending API response: messageType:UnsupportedApiMessageResponse messageId:4 unsupportedApiMessageResponse:<> 
15:00:37.925 Api Request Received: messageType:GetStepValueResponse messageId:4 stepValueRequest:<stepText:"Execute <TestCase> <TestSuite>" > 
15:00:37.925 Sending API response: messageType:UnsupportedApiMessageResponse messageId:4 unsupportedApiMessageResponse:<> 
15:01:29.950 Api Request Received: messageType:GetStepValueResponse messageId:4 stepValueRequest:<stepText:"Execute <TestCase> <TestSuite>" > 
15:01:29.950 Sending API response: messageType:UnsupportedApiMessageResponse messageId:4 unsupportedApiMessageResponse:<> 
15:01:29.968 Api Request Received: messageType:GetStepValueResponse messageId:4 stepValueRequest:<stepText:"Execute <TestCase> <TestSuite>" > 
15:01:29.968 Sending API response: messageType:UnsupportedApiMessageResponse messageId:4 unsupportedApiMessageResponse:<> 
15:01:29.982 Api Request Received: messageType:GetStepValueResponse messageId:4 stepValueRequest:<stepText:"Execute <TestCase> <TestSuite>" > 
15:01:29.982 Sending API response: messageType:UnsupportedApiMessageResponse messageId:4 unsupportedApiMessageResponse:<> 
15:01:29.993 Api Request Received: messageType:GetStepValueResponse messageId:4 stepValueRequest:<stepText:"Execute <TestCase> of <TestSuite>" > 
15:01:29.993 Sending API response: messageType:UnsupportedApiMessageResponse messageId:4 unsupportedApiMessageResponse:<> 
15:01:30.002 Api Request Received: messageType:GetStepValueResponse messageId:4 stepValueRequest:<stepText:"Execute <TestCase> <TestSuite>" > 
15:01:30.002 Sending API response: messageType:UnsupportedApiMessageResponse messageId:4 unsupportedApiMessageResponse:<> 
15:01:46.242 Api Request Received: messageType:GetStepValueResponse messageId:4 stepValueRequest:<stepText:"Execute <TestCase> <TestSuite>" > 
15:01:46.242 Sending API response: messageType:UnsupportedApiMessageResponse messageId:4 unsupportedApiMessageResponse:<> 
15:01:46.296 Api Request Received: messageType:GetStepValueResponse messageId:4 stepValueRequest:<stepText:"Execute <TestCase> <TestSuite>" > 
15:01:46.296 Sending API response: messageType:UnsupportedApiMessageResponse messageId:4 unsupportedApiMessageResponse:<> 
15:01:46.298 Api Request Received: messageType:GetStepValueResponse messageId:4 stepValueRequest:<stepText:"Execute <TestCase> <TestSuite>" > 
15:01:46.305 Sending API response: messageType:UnsupportedApiMessageResponse messageId:4 unsupportedApiMessageResponse:<> 
15:01:46.318 Api Request Received: messageType:GetStepValueResponse messageId:4 stepValueRequest:<stepText:"Execute <TestCase> <TestSuite>" > 
15:01:46.318 Sending API response: messageType:UnsupportedApiMessageResponse messageId:4 unsupportedApiMessageResponse:<> 
15:01:46.333 Api Request Received: messageType:GetStepValueResponse messageId:4 stepValueRequest:<stepText:"Execute <TestCase> <TestSuite>" > 
15:01:46.333 Sending API response: messageType:UnsupportedApiMessageResponse messageId:4 unsupportedApiMessageResponse:<> 
15:01:46.354 Api Request Received: messageType:GetStepValueResponse messageId:4 stepValueRequest:<stepText:"Execute <TestCase> <TestSuite>" > 
15:01:46.355 Sending API response: messageType:UnsupportedApiMessageResponse messageId:4 unsupportedApiMessageResponse:<> 
15:01:46.371 Api Request Received: messageType:GetStepValueResponse messageId:4 stepValueRequest:<stepText:"Execute <TestCase> <TestSuite>" > 
15:01:46.371 Sending API response: messageType:UnsupportedApiMessageResponse messageId:4 unsupportedApiMessageResponse:<> 
15:01:46.494 Api Request Received: messageType:GetStepValueResponse messageId:4 stepValueRequest:<stepText:"Execute <TestCase> <TestSuite>" > 
15:01:46.494 Sending API response: messageType:UnsupportedApiMessageResponse messageId:4 unsupportedApiMessageResponse:<> 
15:01:46.503 Api Request Received: messageType:GetStepValueResponse messageId:4 stepValueRequest:<stepText:"Execute <TestCase> <TestSuite>" > 
15:01:46.503 Sending API response: messageType:UnsupportedApiMessageResponse messageId:4 unsupportedApiMessageResponse:<> 
15:01:46.512 Api Request Received: messageType:GetStepValueResponse messageId:4 stepValueRequest:<stepText:"Execute <TestCase> <TestSuite>" > 
15:01:46.512 Sending API response: messageType:UnsupportedApiMessageResponse messageId:4 unsupportedApiMessageResponse:<> 
15:01:46.524 Api Request Received: messageType:GetStepValueResponse messageId:4 stepValueRequest:<stepText:"Execute <TestCase> of <TestSuite>" > 
15:01:46.524 Sending API response: messageType:UnsupportedApiMessageResponse messageId:4 unsupportedApiMessageResponse:<> 
15:01:46.535 Api Request Received: messageType:GetStepValueResponse messageId:4 stepValueRequest:<stepText:"Execute <TestCase> <TestSuite>" > 
15:01:46.535 Sending API response: messageType:UnsupportedApiMessageResponse messageId:4 unsupportedApiMessageResponse:<> 
15:01:49.160 Api Request Received: messageType:GetStepValueResponse messageId:4 stepValueRequest:<stepText:"Execute <TestCase> <TestSuite>" > 
15:01:49.160 Sending API response: messageType:UnsupportedApiMessageResponse messageId:4 unsupportedApiMessageResponse:<> 
15:01:49.161 Api Request Received: messageType:GetStepValueResponse messageId:4 stepValueRequest:<stepText:"Execute <TestCase> <TestSuite>" > 
15:01:49.161 Sending API response: messageType:UnsupportedApiMessageResponse messageId:4 unsupportedApiMessageResponse:<> 
15:01:49.184 Api Request Received: messageType:GetStepValueResponse messageId:4 stepValueRequest:<stepText:"Execute <TestCase> <TestSuite>" > 
15:01:49.184 Sending API response: messageType:UnsupportedApiMessageResponse messageId:4 unsupportedApiMessageResponse:<> 
15:01:49.217 Api Request Received: messageType:GetStepValueResponse messageId:4 stepValueRequest:<stepText:"Execute <TestCase> <TestSuite>" > 
15:01:49.217 Sending API response: messageType:UnsupportedApiMessageResponse messageId:4 unsupportedApiMessageResponse:<> 
15:01:49.227 Api Request Received: messageType:GetStepValueResponse messageId:4 stepValueRequest:<stepText:"Execute <TestCase> <TestSuite>" > 
15:01:49.227 Sending API response: messageType:UnsupportedApiMessageResponse messageId:4 unsupportedApiMessageResponse:<> 
15:01:49.240 Api Request Received: messageType:GetStepValueResponse messageId:4 stepValueRequest:<stepText:"Execute <TestCase> <TestSuite>" > 
15:01:49.240 Sending API response: messageType:UnsupportedApiMessageResponse messageId:4 unsupportedApiMessageResponse:<> 
15:01:49.250 Api Request Received: messageType:GetStepValueResponse messageId:4 stepValueRequest:<stepText:"Execute <TestCase> <TestSuite>" > 
15:01:49.250 Sending API response: messageType:UnsupportedApiMessageResponse messageId:4 unsupportedApiMessageResponse:<> 
15:01:49.319 Api Request Received: messageType:GetStepValueResponse messageId:4 stepValueRequest:<stepText:"Execute <TestCase> <TestSuite>" > 
15:01:49.319 Sending API response: messageType:UnsupportedApiMessageResponse messageId:4 unsupportedApiMessageResponse:<> 
15:01:49.332 Api Request Received: messageType:GetStepValueResponse messageId:4 stepValueRequest:<stepText:"Execute <TestCase> <TestSuite>" > 
15:01:49.332 Sending API response: messageType:UnsupportedApiMessageResponse messageId:4 unsupportedApiMessageResponse:<> 
15:01:49.341 Api Request Received: messageType:GetStepValueResponse messageId:4 stepValueRequest:<stepText:"Execute <TestCase> <TestSuite>" > 
15:01:49.341 Sending API response: messageType:UnsupportedApiMessageResponse messageId:4 unsupportedApiMessageResponse:<> 
15:01:49.348 Api Request Received: messageType:GetStepValueResponse messageId:4 stepValueRequest:<stepText:"Execute <TestCase> of <TestSuite>" > 
15:01:49.348 Sending API response: messageType:UnsupportedApiMessageResponse messageId:4 unsupportedApiMessageResponse:<> 
15:01:49.355 Api Request Received: messageType:GetStepValueResponse messageId:4 stepValueRequest:<stepText:"Execute <TestCase> <TestSuite>" > 
15:01:49.355 Sending API response: messageType:UnsupportedApiMessageResponse messageId:4 unsupportedApiMessageResponse:<> 
15:01:51.355 Api Request Received: messageType:GetStepValueResponse messageId:4 stepValueRequest:<stepText:"Execute <TestCase> <TestSuite>" > 
15:01:51.355 Sending API response: messageType:UnsupportedApiMessageResponse messageId:4 unsupportedApiMessageResponse:<> 
15:01:51.412 Api Request Received: messageType:GetStepValueResponse messageId:4 stepValueRequest:<stepText:"Execute <TestCase> <TestSuite>" > 
15:01:51.415 Sending API response: messageType:UnsupportedApiMessageResponse messageId:4 unsupportedApiMessageResponse:<> 
15:01:51.431 Api Request Received: messageType:GetStepValueResponse messageId:4 stepValueRequest:<stepText:"Execute <TestCase> <TestSuite>" > 
15:01:51.431 Sending API response: messageType:UnsupportedApiMessageResponse messageId:4 unsupportedApiMessageResponse:<> 
15:01:51.445 Api Request Received: messageType:GetStepValueResponse messageId:4 stepValueRequest:<stepText:"Execute <TestCase> of <TestSuite>" > 
15:01:51.445 Sending API response: messageType:UnsupportedApiMessageResponse messageId:4 unsupportedApiMessageResponse:<> 
15:01:51.468 Api Request Received: messageType:GetStepValueResponse messageId:4 stepValueRequest:<stepText:"Execute <TestCase> <TestSuite>" > 
15:01:51.468 Sending API response: messageType:UnsupportedApiMessageResponse messageId:4 unsupportedApiMessageResponse:<> 
15:01:57.176 Api Request Received: messageType:GetStepValueResponse messageId:4 stepValueRequest:<stepText:"Execute <TestCase> <TestSuite>" > 
15:01:57.176 Sending API response: messageType:UnsupportedApiMessageResponse messageId:4 unsupportedApiMessageResponse:<> 
15:01:57.192 Api Request Received: messageType:GetStepValueResponse messageId:4 stepValueRequest:<stepText:"Execute <TestCase> <TestSuite>" > 
15:01:57.192 Sending API response: messageType:UnsupportedApiMessageResponse messageId:4 unsupportedApiMessageResponse:<> 
15:01:57.200 Api Request Received: messageType:GetStepValueResponse messageId:4 stepValueRequest:<stepText:"Execute <TestCase> <TestSuite>" > 
15:01:57.200 Sending API response: messageType:UnsupportedApiMessageResponse messageId:4 unsupportedApiMessageResponse:<> 
15:01:57.218 Api Request Received: messageType:GetStepValueResponse messageId:4 stepValueRequest:<stepText:"Execute <TestCase> <TestSuite>" > 
15:01:57.218 Sending API response: messageType:UnsupportedApiMessageResponse messageId:4 unsupportedApiMessageResponse:<> 
15:01:57.231 Api Request Received: messageType:GetStepValueResponse messageId:4 stepValueRequest:<stepText:"Execute <TestCase> <TestSuite>" > 
15:01:57.231 Sending API response: messageType:UnsupportedApiMessageResponse messageId:4 unsupportedApiMessageResponse:<> 
15:01:57.263 Api Request Received: messageType:GetStepValueResponse messageId:4 stepValueRequest:<stepText:"Execute <TestCase> <TestSuite>" > 
15:01:57.263 Sending API response: messageType:UnsupportedApiMessageResponse messageId:4 unsupportedApiMessageResponse:<> 
15:01:57.274 Api Request Received: messageType:GetStepValueResponse messageId:4 stepValueRequest:<stepText:"Execute <TestCase> <TestSuite>" > 
15:01:57.274 Sending API response: messageType:UnsupportedApiMessageResponse messageId:4 unsupportedApiMessageResponse:<> 
15:01:57.365 Api Request Received: messageType:GetStepValueResponse messageId:4 stepValueRequest:<stepText:"Execute <TestCase> <TestSuite>" > 
15:01:57.365 Sending API response: messageType:UnsupportedApiMessageResponse messageId:4 unsupportedApiMessageResponse:<> 
15:01:57.375 Api Request Received: messageType:GetStepValueResponse messageId:4 stepValueRequest:<stepText:"Execute <TestCase> <TestSuite>" > 
15:01:57.375 Sending API response: messageType:UnsupportedApiMessageResponse messageId:4 unsupportedApiMessageResponse:<> 
15:01:57.385 Api Request Received: messageType:GetStepValueResponse messageId:4 stepValueRequest:<stepText:"Execute <TestCase> <TestSuite>" > 
15:01:57.385 Sending API response: messageType:UnsupportedApiMessageResponse messageId:4 unsupportedApiMessageResponse:<> 
15:01:57.394 Api Request Received: messageType:GetStepValueResponse messageId:4 stepValueRequest:<stepText:"Execute <TestCase> of <TestSuite>" > 
15:01:57.394 Sending API response: messageType:UnsupportedApiMessageResponse messageId:4 unsupportedApiMessageResponse:<> 
15:01:57.402 Api Request Received: messageType:GetStepValueResponse messageId:4 stepValueRequest:<stepText:"Execute <TestCase> <TestSuite>" > 
15:01:57.402 Sending API response: messageType:UnsupportedApiMessageResponse messageId:4 unsupportedApiMessageResponse:<> 
15:01:59.149 Api Request Received: messageType:GetStepValueResponse messageId:4 stepValueRequest:<stepText:"Execute <TestCase> <TestSuite>" > 
15:01:59.149 Sending API response: messageType:UnsupportedApiMessageResponse messageId:4 unsupportedApiMessageResponse:<> 
15:01:59.187 Api Request Received: messageType:GetStepValueResponse messageId:4 stepValueRequest:<stepText:"Execute <TestCase> <TestSuite>" > 
15:01:59.187 Sending API response: messageType:UnsupportedApiMessageResponse messageId:4 unsupportedApiMessageResponse:<> 
15:01:59.196 Api Request Received: messageType:GetStepValueResponse messageId:4 stepValueRequest:<stepText:"Execute <TestCase> <TestSuite>" > 
15:01:59.196 Sending API response: messageType:UnsupportedApiMessageResponse messageId:4 unsupportedApiMessageResponse:<> 
15:01:59.206 Api Request Received: messageType:GetStepValueResponse messageId:4 stepValueRequest:<stepText:"Execute <TestCase> of <TestSuite>" > 
15:01:59.207 Sending API response: messageType:UnsupportedApiMessageResponse messageId:4 unsupportedApiMessageResponse:<> 
15:01:59.218 Api Request Received: messageType:GetStepValueResponse messageId:4 stepValueRequest:<stepText:"Execute <TestCase> <TestSuite>" > 
15:01:59.218 Sending API response: messageType:UnsupportedApiMessageResponse messageId:4 unsupportedApiMessageResponse:<> 
15:02:01.422 Api Request Received: messageType:GetStepValueResponse messageId:4 stepValueRequest:<stepText:"Execute <TestCase> <TestSuite>" > 
15:02:01.422 Sending API response: messageType:UnsupportedApiMessageResponse messageId:4 unsupportedApiMessageResponse:<> 
15:02:15.573 Api Request Received: messageType:GetStepValueRequest messageId:4 stepValueRequest:<stepText:"Execute <TestCase> of <TestSuite>" > 
15:02:15.596 Sending API response: messageType:GetStepValueResponse messageId:4 stepValueResponse:<stepValue:<stepValue:"Execute {} of {}" parameterizedStepValue:"Execute <TestCase> of <TestSuite>" parameters:"TestCase" parameters:"TestSuite" > > 
15:02:15.608 Api Request Received: messageType:GetStepValueRequest messageId:4 stepValueRequest:<stepText:"Execute <TestCase> <TestSuite>" > 
15:02:15.609 Sending API response: messageType:GetStepValueResponse messageId:4 stepValueResponse:<stepValue:<stepValue:"Execute {} {}" parameterizedStepValue:"Execute <TestCase> <TestSuite>" parameters:"TestCase" parameters:"TestSuite" > > 
15:02:26.223 Api Request Received: messageType:GetStepValueResponse messageId:4 stepValueRequest:<stepText:"Execute <TestCase> <TestSuite>" > 
15:02:26.223 Sending API response: messageType:UnsupportedApiMessageResponse messageId:4 unsupportedApiMessageResponse:<> 
15:02:26.246 Api Request Received: messageType:GetStepValueResponse messageId:4 stepValueRequest:<stepText:"Execute <TestCase> <TestSuite>" > 
15:02:26.246 Sending API response: messageType:UnsupportedApiMessageResponse messageId:4 unsupportedApiMessageResponse:<> 
15:02:26.683 Api Request Received: messageType:GetStepValueResponse messageId:4 stepValueRequest:<stepText:"Execute <TestCase> <TestSuite>" > 
15:02:26.683 Sending API response: messageType:UnsupportedApiMessageResponse messageId:4 unsupportedApiMessageResponse:<> 
15:02:26.691 Api Request Received: messageType:GetStepValueResponse messageId:4 stepValueRequest:<stepText:"Execute <TestCase> of <TestSuite>" > 
15:02:26.691 Sending API response: messageType:UnsupportedApiMessageResponse messageId:4 unsupportedApiMessageResponse:<> 
15:02:26.705 Api Request Received: messageType:GetStepValueResponse messageId:4 stepValueRequest:<stepText:"Execute <TestCase> <TestSuite>" > 
15:02:26.705 Sending API response: messageType:UnsupportedApiMessageResponse messageId:4 unsupportedApiMessageResponse:<> 
15:02:26.950 Api Request Received: messageType:GetStepValueResponse messageId:4 stepValueRequest:<stepText:"Execute <TestCase> <TestSuite>" > 
15:02:26.950 Sending API response: messageType:UnsupportedApiMessageResponse messageId:4 unsupportedApiMessageResponse:<> 
15:02:29.199 Api Request Received: messageType:GetStepValueResponse messageId:4 stepValueRequest:<stepText:"Execute <TestCase> <TestSuite>" > 
15:02:29.199 Sending API response: messageType:UnsupportedApiMessageResponse messageId:4 unsupportedApiMessageResponse:<> 
15:03:05.669 Api Request Received: messageType:GetStepValueResponse messageId:4 stepValueRequest:<stepText:"Execute <TestCase> <TestSuite>" > 
15:03:05.669 Sending API response: messageType:UnsupportedApiMessageResponse messageId:4 unsupportedApiMessageResponse:<> 
15:03:05.680 Api Request Received: messageType:GetStepValueResponse messageId:4 stepValueRequest:<stepText:"Execute <TestCase> <TestSuite>" > 
15:03:05.680 Sending API response: messageType:UnsupportedApiMessageResponse messageId:4 unsupportedApiMessageResponse:<> 
15:03:05.711 Api Request Received: messageType:GetStepValueResponse messageId:4 stepValueRequest:<stepText:"Execute <TestCase> <TestSuite>" > 
15:03:05.712 Sending API response: messageType:UnsupportedApiMessageResponse messageId:4 unsupportedApiMessageResponse:<> 
15:03:05.722 Api Request Received: messageType:GetStepValueResponse messageId:4 stepValueRequest:<stepText:"Execute <TestCase> of <TestSuite>" > 
15:03:05.722 Sending API response: messageType:UnsupportedApiMessageResponse messageId:4 unsupportedApiMessageResponse:<> 
15:03:05.733 Api Request Received: messageType:GetStepValueResponse messageId:4 stepValueRequest:<stepText:"Execute <TestCase> <TestSuite>" > 
15:03:05.733 Sending API response: messageType:UnsupportedApiMessageResponse messageId:4 unsupportedApiMessageResponse:<> 
15:03:06.078 Api Request Received: messageType:GetStepValueResponse messageId:4 stepValueRequest:<stepText:"Execute <TestCase> <TestSuite>" > 
15:03:06.078 Sending API response: messageType:UnsupportedApiMessageResponse messageId:4 unsupportedApiMessageResponse:<> 
15:03:10.040 Api Request Received: messageType:GetStepValueResponse messageId:4 stepValueRequest:<stepText:"Execute <TestCase> <TestSuite>" > 
15:03:10.040 Sending API response: messageType:UnsupportedApiMessageResponse messageId:4 unsupportedApiMessageResponse:<> 
